{"/Users/beredarius/Desktop/IT/fun/swapbuds/swapbuds-backend/src/app.controller.ts": {"path":"/Users/beredarius/Desktop/IT/fun/swapbuds/swapbuds-backend/src/app.controller.ts","statementMap":{"0":{"start":{"line":1,"column":0},"end":{"line":1,"column":43}},"1":{"start":{"line":2,"column":0},"end":{"line":2,"column":49}},"2":{"start":{"line":5,"column":7},"end":{"line":12,"column":null}},"3":{"start":{"line":6,"column":31},"end":{"line":6,"column":43}},"4":{"start":{"line":10,"column":4},"end":{"line":10,"column":38}},"5":{"start":{"line":5,"column":13},"end":{"line":5,"column":26}},"6":{"start":{"line":9,"column":2},"end":{"line":11,"column":null}},"7":{"start":{"line":5,"column":13},"end":{"line":12,"column":null}}},"fnMap":{"0":{"name":"(anonymous_2)","decl":{"start":{"line":6,"column":2},"end":{"line":6,"column":31}},"loc":{"start":{"line":6,"column":53},"end":{"line":6,"column":57}}},"1":{"name":"(anonymous_3)","decl":{"start":{"line":9,"column":2},"end":{"line":9,"column":10}},"loc":{"start":{"line":9,"column":10},"end":{"line":11,"column":3}}}},"branchMap":{},"s":{"0":0,"1":0,"2":0,"3":0,"4":0,"5":0,"6":0,"7":0},"f":{"0":0,"1":0},"b":{}}
,"/Users/beredarius/Desktop/IT/fun/swapbuds/swapbuds-backend/src/app.service.ts": {"path":"/Users/beredarius/Desktop/IT/fun/swapbuds/swapbuds-backend/src/app.service.ts","statementMap":{"0":{"start":{"line":1,"column":0},"end":{"line":1,"column":44}},"1":{"start":{"line":4,"column":7},"end":{"line":8,"column":null}},"2":{"start":{"line":6,"column":4},"end":{"line":6,"column":26}},"3":{"start":{"line":4,"column":13},"end":{"line":4,"column":23}},"4":{"start":{"line":4,"column":13},"end":{"line":8,"column":null}}},"fnMap":{"0":{"name":"(anonymous_1)","decl":{"start":{"line":5,"column":2},"end":{"line":5,"column":10}},"loc":{"start":{"line":5,"column":10},"end":{"line":7,"column":3}}}},"branchMap":{},"s":{"0":0,"1":0,"2":0,"3":0,"4":0},"f":{"0":0},"b":{}}
,"/Users/beredarius/Desktop/IT/fun/swapbuds/swapbuds-backend/src/auth/auth.controller.ts": {"path":"/Users/beredarius/Desktop/IT/fun/swapbuds/swapbuds-backend/src/auth/auth.controller.ts","statementMap":{"0":{"start":{"line":1,"column":0},"end":{"line":1,"column":50}},"1":{"start":{"line":2,"column":0},"end":{"line":2,"column":72}},"2":{"start":{"line":3,"column":0},"end":{"line":3,"column":77}},"3":{"start":{"line":4,"column":0},"end":{"line":4,"column":null}},"4":{"start":{"line":13,"column":0},"end":{"line":13,"column":null}},"5":{"start":{"line":19,"column":0},"end":{"line":19,"column":55}},"6":{"start":{"line":36,"column":7},"end":{"line":101,"column":null}},"7":{"start":{"line":37,"column":31},"end":{"line":37,"column":44}},"8":{"start":{"line":58,"column":4},"end":{"line":58,"column":50}},"9":{"start":{"line":80,"column":4},"end":{"line":80,"column":44}},"10":{"start":{"line":99,"column":4},"end":{"line":99,"column":16}},"11":{"start":{"line":36,"column":13},"end":{"line":36,"column":27}},"12":{"start":{"line":57,"column":8},"end":{"line":59,"column":null}},"13":{"start":{"line":79,"column":8},"end":{"line":81,"column":null}},"14":{"start":{"line":98,"column":8},"end":{"line":100,"column":null}},"15":{"start":{"line":36,"column":13},"end":{"line":101,"column":null}}},"fnMap":{"0":{"name":"(anonymous_4)","decl":{"start":{"line":37,"column":2},"end":{"line":37,"column":31}},"loc":{"start":{"line":37,"column":55},"end":{"line":37,"column":59}}},"1":{"name":"(anonymous_5)","decl":{"start":{"line":57,"column":2},"end":{"line":57,"column":7}},"loc":{"start":{"line":57,"column":49},"end":{"line":59,"column":3}}},"2":{"name":"(anonymous_6)","decl":{"start":{"line":79,"column":2},"end":{"line":79,"column":7}},"loc":{"start":{"line":79,"column":40},"end":{"line":81,"column":3}}},"3":{"name":"(anonymous_7)","decl":{"start":{"line":98,"column":2},"end":{"line":98,"column":7}},"loc":{"start":{"line":98,"column":38},"end":{"line":100,"column":3}}}},"branchMap":{},"s":{"0":0,"1":0,"2":0,"3":0,"4":0,"5":0,"6":0,"7":0,"8":0,"9":0,"10":0,"11":0,"12":0,"13":0,"14":0,"15":0},"f":{"0":0,"1":0,"2":0,"3":0},"b":{}}
,"/Users/beredarius/Desktop/IT/fun/swapbuds/swapbuds-backend/src/auth/auth.service.ts": {"path":"/Users/beredarius/Desktop/IT/fun/swapbuds/swapbuds-backend/src/auth/auth.service.ts","statementMap":{"0":{"start":{"line":3,"column":0},"end":{"line":3,"column":56}},"1":{"start":{"line":4,"column":0},"end":{"line":4,"column":null}},"2":{"start":{"line":10,"column":0},"end":{"line":10,"column":47}},"3":{"start":{"line":11,"column":0},"end":{"line":11,"column":41}},"4":{"start":{"line":12,"column":0},"end":{"line":12,"column":33}},"5":{"start":{"line":15,"column":24},"end":{"line":148,"column":null}},"6":{"start":{"line":20,"column":12},"end":{"line":20,"column":20}},"7":{"start":{"line":21,"column":12},"end":{"line":21,"column":24}},"8":{"start":{"line":22,"column":12},"end":{"line":22,"column":27}},"9":{"start":{"line":16,"column":19},"end":{"line":16,"column":57}},"10":{"start":{"line":17,"column":19},"end":{"line":17,"column":36}},"11":{"start":{"line":26,"column":42},"end":{"line":26,"column":53}},"12":{"start":{"line":29,"column":25},"end":{"line":33,"column":6}},"13":{"start":{"line":35,"column":4},"end":{"line":40,"column":5}},"14":{"start":{"line":36,"column":6},"end":{"line":38,"column":7}},"15":{"start":{"line":37,"column":8},"end":{"line":37,"column":64}},"16":{"start":{"line":39,"column":6},"end":{"line":39,"column":60}},"17":{"start":{"line":43,"column":27},"end":{"line":43,"column":72}},"18":{"start":{"line":46,"column":17},"end":{"line":58,"column":6}},"19":{"start":{"line":60,"column":4},"end":{"line":60,"column":77}},"20":{"start":{"line":63,"column":24},"end":{"line":63,"column":54}},"21":{"start":{"line":65,"column":4},"end":{"line":68,"column":6}},"22":{"start":{"line":72,"column":32},"end":{"line":72,"column":40}},"23":{"start":{"line":75,"column":17},"end":{"line":77,"column":6}},"24":{"start":{"line":79,"column":4},"end":{"line":81,"column":5}},"25":{"start":{"line":80,"column":6},"end":{"line":80,"column":61}},"26":{"start":{"line":84,"column":28},"end":{"line":84,"column":73}},"27":{"start":{"line":86,"column":4},"end":{"line":88,"column":5}},"28":{"start":{"line":87,"column":6},"end":{"line":87,"column":61}},"29":{"start":{"line":90,"column":4},"end":{"line":92,"column":5}},"30":{"start":{"line":91,"column":6},"end":{"line":91,"column":64}},"31":{"start":{"line":95,"column":4},"end":{"line":98,"column":7}},"32":{"start":{"line":100,"column":4},"end":{"line":100,"column":56}},"33":{"start":{"line":103,"column":24},"end":{"line":103,"column":54}},"34":{"start":{"line":105,"column":4},"end":{"line":113,"column":6}},"35":{"start":{"line":117,"column":17},"end":{"line":126,"column":6}},"36":{"start":{"line":128,"column":4},"end":{"line":130,"column":5}},"37":{"start":{"line":129,"column":6},"end":{"line":129,"column":68}},"38":{"start":{"line":132,"column":4},"end":{"line":132,"column":16}},"39":{"start":{"line":140,"column":32},"end":{"line":144,"column":6}},"40":{"start":{"line":146,"column":4},"end":{"line":146,"column":41}},"41":{"start":{"line":15,"column":13},"end":{"line":15,"column":24}},"42":{"start":{"line":15,"column":13},"end":{"line":148,"column":null}}},"fnMap":{"0":{"name":"(anonymous_2)","decl":{"start":{"line":19,"column":2},"end":{"line":19,"column":null}},"loc":{"start":{"line":22,"column":40},"end":{"line":23,"column":6}}},"1":{"name":"(anonymous_3)","decl":{"start":{"line":25,"column":2},"end":{"line":25,"column":7}},"loc":{"start":{"line":25,"column":41},"end":{"line":69,"column":3}}},"2":{"name":"(anonymous_4)","decl":{"start":{"line":71,"column":2},"end":{"line":71,"column":7}},"loc":{"start":{"line":71,"column":32},"end":{"line":114,"column":3}}},"3":{"name":"(anonymous_5)","decl":{"start":{"line":116,"column":2},"end":{"line":116,"column":7}},"loc":{"start":{"line":116,"column":35},"end":{"line":133,"column":3}}},"4":{"name":"(anonymous_6)","decl":{"start":{"line":135,"column":10},"end":{"line":135,"column":15}},"loc":{"start":{"line":139,"column":3},"end":{"line":147,"column":3}}}},"branchMap":{"0":{"loc":{"start":{"line":35,"column":4},"end":{"line":40,"column":5}},"type":"if","locations":[{"start":{"line":35,"column":4},"end":{"line":40,"column":5}}]},"1":{"loc":{"start":{"line":36,"column":6},"end":{"line":38,"column":7}},"type":"if","locations":[{"start":{"line":36,"column":6},"end":{"line":38,"column":7}}]},"2":{"loc":{"start":{"line":79,"column":4},"end":{"line":81,"column":5}},"type":"if","locations":[{"start":{"line":79,"column":4},"end":{"line":81,"column":5}}]},"3":{"loc":{"start":{"line":86,"column":4},"end":{"line":88,"column":5}},"type":"if","locations":[{"start":{"line":86,"column":4},"end":{"line":88,"column":5}}]},"4":{"loc":{"start":{"line":90,"column":4},"end":{"line":92,"column":5}},"type":"if","locations":[{"start":{"line":90,"column":4},"end":{"line":92,"column":5}}]},"5":{"loc":{"start":{"line":128,"column":4},"end":{"line":130,"column":5}},"type":"if","locations":[{"start":{"line":128,"column":4},"end":{"line":130,"column":5}}]},"6":{"loc":{"start":{"line":128,"column":8},"end":{"line":128,"column":31}},"type":"binary-expr","locations":[{"start":{"line":128,"column":8},"end":{"line":128,"column":13}},{"start":{"line":128,"column":17},"end":{"line":128,"column":31}}]}},"s":{"0":1,"1":1,"2":1,"3":1,"4":1,"5":1,"6":10,"7":10,"8":10,"9":10,"10":10,"11":5,"12":5,"13":5,"14":4,"15":2,"16":2,"17":1,"18":1,"19":1,"20":1,"21":1,"22":7,"23":7,"24":7,"25":2,"26":5,"27":5,"28":2,"29":3,"30":2,"31":1,"32":1,"33":1,"34":1,"35":5,"36":5,"37":4,"38":1,"39":2,"40":2,"41":1,"42":1},"f":{"0":10,"1":5,"2":7,"3":5,"4":2},"b":{"0":[4],"1":[2],"2":[2],"3":[2],"4":[2],"5":[4],"6":[5,3]}}
,"/Users/beredarius/Desktop/IT/fun/swapbuds/swapbuds-backend/src/auth/decorators/auth.decorators.ts": {"path":"/Users/beredarius/Desktop/IT/fun/swapbuds/swapbuds-backend/src/auth/decorators/auth.decorators.ts","statementMap":{"0":{"start":{"line":1,"column":0},"end":{"line":1,"column":null}},"1":{"start":{"line":14,"column":13},"end":{"line":14,"column":40}},"2":{"start":{"line":31,"column":22},"end":{"line":31,"column":60}},"3":{"start":{"line":31,"column":28},"end":{"line":31,"column":60}},"4":{"start":{"line":31,"column":13},"end":{"line":31,"column":22}},"5":{"start":{"line":47,"column":13},"end":{"line":52,"column":2}},"6":{"start":{"line":49,"column":20},"end":{"line":49,"column":51}},"7":{"start":{"line":50,"column":4},"end":{"line":50,"column":24}}},"fnMap":{"0":{"name":"(anonymous_0)","decl":{"start":{"line":31,"column":22},"end":{"line":31,"column":25}},"loc":{"start":{"line":31,"column":28},"end":{"line":31,"column":60}}},"1":{"name":"(anonymous_1)","decl":{"start":{"line":48,"column":2},"end":{"line":48,"column":3}},"loc":{"start":{"line":48,"column":43},"end":{"line":51,"column":3}}}},"branchMap":{},"s":{"0":0,"1":0,"2":0,"3":0,"4":0,"5":0,"6":0,"7":0},"f":{"0":0,"1":0},"b":{}}
,"/Users/beredarius/Desktop/IT/fun/swapbuds/swapbuds-backend/src/auth/guards/jwt-auth.guard.ts": {"path":"/Users/beredarius/Desktop/IT/fun/swapbuds/swapbuds-backend/src/auth/guards/jwt-auth.guard.ts","statementMap":{"0":{"start":{"line":1,"column":0},"end":{"line":1,"column":62}},"1":{"start":{"line":2,"column":0},"end":{"line":2,"column":41}},"2":{"start":{"line":3,"column":0},"end":{"line":3,"column":45}},"3":{"start":{"line":27,"column":7},"end":{"line":57,"column":null}},"4":{"start":{"line":29,"column":4},"end":{"line":29,"column":12}},"5":{"start":{"line":28,"column":22},"end":{"line":28,"column":33}},"6":{"start":{"line":44,"column":21},"end":{"line":47,"column":6}},"7":{"start":{"line":50,"column":4},"end":{"line":52,"column":5}},"8":{"start":{"line":51,"column":6},"end":{"line":51,"column":18}},"9":{"start":{"line":55,"column":4},"end":{"line":55,"column":38}},"10":{"start":{"line":27,"column":13},"end":{"line":27,"column":25}},"11":{"start":{"line":27,"column":13},"end":{"line":57,"column":null}}},"fnMap":{"0":{"name":"(anonymous_2)","decl":{"start":{"line":28,"column":2},"end":{"line":28,"column":22}},"loc":{"start":{"line":28,"column":42},"end":{"line":30,"column":3}}},"1":{"name":"(anonymous_3)","decl":{"start":{"line":42,"column":2},"end":{"line":42,"column":13}},"loc":{"start":{"line":42,"column":39},"end":{"line":56,"column":3}}}},"branchMap":{"0":{"loc":{"start":{"line":50,"column":4},"end":{"line":52,"column":5}},"type":"if","locations":[{"start":{"line":50,"column":4},"end":{"line":52,"column":5}}]}},"s":{"0":0,"1":0,"2":0,"3":0,"4":0,"5":0,"6":0,"7":0,"8":0,"9":0,"10":0,"11":0},"f":{"0":0,"1":0},"b":{"0":[0]}}
,"/Users/beredarius/Desktop/IT/fun/swapbuds/swapbuds-backend/src/auth/strategies/jwt.strategy.ts": {"path":"/Users/beredarius/Desktop/IT/fun/swapbuds/swapbuds-backend/src/auth/strategies/jwt.strategy.ts","statementMap":{"0":{"start":{"line":1,"column":0},"end":{"line":1,"column":56}},"1":{"start":{"line":2,"column":0},"end":{"line":2,"column":67}},"2":{"start":{"line":3,"column":0},"end":{"line":3,"column":47}},"3":{"start":{"line":4,"column":0},"end":{"line":4,"column":52}},"4":{"start":{"line":5,"column":0},"end":{"line":5,"column":52}},"5":{"start":{"line":32,"column":7},"end":{"line":75,"column":null}},"6":{"start":{"line":37,"column":4},"end":{"line":41,"column":7}},"7":{"start":{"line":34,"column":12},"end":{"line":34,"column":27}},"8":{"start":{"line":35,"column":12},"end":{"line":35,"column":20}},"9":{"start":{"line":56,"column":17},"end":{"line":65,"column":6}},"10":{"start":{"line":68,"column":4},"end":{"line":70,"column":5}},"11":{"start":{"line":69,"column":6},"end":{"line":69,"column":68}},"12":{"start":{"line":73,"column":4},"end":{"line":73,"column":16}},"13":{"start":{"line":32,"column":13},"end":{"line":32,"column":24}},"14":{"start":{"line":32,"column":13},"end":{"line":75,"column":null}}},"fnMap":{"0":{"name":"(anonymous_2)","decl":{"start":{"line":33,"column":2},"end":{"line":33,"column":null}},"loc":{"start":{"line":35,"column":33},"end":{"line":42,"column":3}}},"1":{"name":"(anonymous_3)","decl":{"start":{"line":54,"column":2},"end":{"line":54,"column":7}},"loc":{"start":{"line":54,"column":36},"end":{"line":74,"column":3}}}},"branchMap":{"0":{"loc":{"start":{"line":68,"column":4},"end":{"line":70,"column":5}},"type":"if","locations":[{"start":{"line":68,"column":4},"end":{"line":70,"column":5}}]},"1":{"loc":{"start":{"line":68,"column":8},"end":{"line":68,"column":31}},"type":"binary-expr","locations":[{"start":{"line":68,"column":8},"end":{"line":68,"column":13}},{"start":{"line":68,"column":17},"end":{"line":68,"column":31}}]}},"s":{"0":0,"1":0,"2":0,"3":0,"4":0,"5":0,"6":0,"7":0,"8":0,"9":0,"10":0,"11":0,"12":0,"13":0,"14":0},"f":{"0":0,"1":0},"b":{"0":[0],"1":[0,0]}}
,"/Users/beredarius/Desktop/IT/fun/swapbuds/swapbuds-backend/src/comments/comments.controller.ts": {"path":"/Users/beredarius/Desktop/IT/fun/swapbuds/swapbuds-backend/src/comments/comments.controller.ts","statementMap":{"0":{"start":{"line":1,"column":0},"end":{"line":1,"column":72}},"1":{"start":{"line":2,"column":0},"end":{"line":2,"column":60}},"2":{"start":{"line":3,"column":0},"end":{"line":3,"column":null}},"3":{"start":{"line":15,"column":0},"end":{"line":15,"column":null}},"4":{"start":{"line":22,"column":0},"end":{"line":22,"column":53}},"5":{"start":{"line":23,"column":0},"end":{"line":23,"column":47}},"6":{"start":{"line":24,"column":0},"end":{"line":24,"column":60}},"7":{"start":{"line":25,"column":0},"end":{"line":25,"column":60}},"8":{"start":{"line":34,"column":7},"end":{"line":162,"column":null}},"9":{"start":{"line":35,"column":31},"end":{"line":35,"column":48}},"10":{"start":{"line":59,"column":4},"end":{"line":59,"column":80}},"11":{"start":{"line":78,"column":4},"end":{"line":78,"column":56}},"12":{"start":{"line":107,"column":4},"end":{"line":111,"column":6}},"13":{"start":{"line":137,"column":4},"end":{"line":137,"column":64}},"14":{"start":{"line":159,"column":18},"end":{"line":159,"column":69}},"15":{"start":{"line":160,"column":4},"end":{"line":160,"column":21}},"16":{"start":{"line":34,"column":13},"end":{"line":34,"column":31}},"17":{"start":{"line":54,"column":8},"end":{"line":60,"column":null}},"18":{"start":{"line":75,"column":8},"end":{"line":79,"column":null}},"19":{"start":{"line":102,"column":8},"end":{"line":112,"column":null}},"20":{"start":{"line":133,"column":8},"end":{"line":138,"column":null}},"21":{"start":{"line":158,"column":8},"end":{"line":161,"column":null}},"22":{"start":{"line":34,"column":13},"end":{"line":162,"column":null}}},"fnMap":{"0":{"name":"(anonymous_4)","decl":{"start":{"line":35,"column":2},"end":{"line":35,"column":31}},"loc":{"start":{"line":35,"column":63},"end":{"line":35,"column":67}}},"1":{"name":"(anonymous_5)","decl":{"start":{"line":54,"column":2},"end":{"line":54,"column":7}},"loc":{"start":{"line":57,"column":46},"end":{"line":60,"column":3}}},"2":{"name":"(anonymous_6)","decl":{"start":{"line":75,"column":2},"end":{"line":75,"column":7}},"loc":{"start":{"line":76,"column":35},"end":{"line":79,"column":3}}},"3":{"name":"(anonymous_7)","decl":{"start":{"line":102,"column":2},"end":{"line":102,"column":7}},"loc":{"start":{"line":105,"column":46},"end":{"line":112,"column":3}}},"4":{"name":"(anonymous_8)","decl":{"start":{"line":133,"column":2},"end":{"line":133,"column":7}},"loc":{"start":{"line":135,"column":41},"end":{"line":138,"column":3}}},"5":{"name":"(anonymous_9)","decl":{"start":{"line":158,"column":2},"end":{"line":158,"column":7}},"loc":{"start":{"line":158,"column":56},"end":{"line":161,"column":3}}}},"branchMap":{},"s":{"0":0,"1":0,"2":0,"3":0,"4":0,"5":0,"6":0,"7":0,"8":0,"9":0,"10":0,"11":0,"12":0,"13":0,"14":0,"15":0,"16":0,"17":0,"18":0,"19":0,"20":0,"21":0,"22":0},"f":{"0":0,"1":0,"2":0,"3":0,"4":0,"5":0},"b":{}}
,"/Users/beredarius/Desktop/IT/fun/swapbuds/swapbuds-backend/src/comments/comments.service.ts": {"path":"/Users/beredarius/Desktop/IT/fun/swapbuds/swapbuds-backend/src/comments/comments.service.ts","statementMap":{"0":{"start":{"line":1,"column":0},"end":{"line":1,"column":56}},"1":{"start":{"line":2,"column":0},"end":{"line":2,"column":null}},"2":{"start":{"line":16,"column":7},"end":{"line":191,"column":null}},"3":{"start":{"line":17,"column":22},"end":{"line":17,"column":30}},"4":{"start":{"line":32,"column":17},"end":{"line":34,"column":6}},"5":{"start":{"line":36,"column":4},"end":{"line":38,"column":5}},"6":{"start":{"line":37,"column":6},"end":{"line":37,"column":70}},"7":{"start":{"line":40,"column":20},"end":{"line":54,"column":6}},"8":{"start":{"line":56,"column":4},"end":{"line":65,"column":6}},"9":{"start":{"line":74,"column":21},"end":{"line":85,"column":6}},"10":{"start":{"line":87,"column":4},"end":{"line":96,"column":8}},"11":{"start":{"line":87,"column":38},"end":{"line":96,"column":6}},"12":{"start":{"line":111,"column":20},"end":{"line":121,"column":6}},"13":{"start":{"line":123,"column":4},"end":{"line":125,"column":5}},"14":{"start":{"line":124,"column":6},"end":{"line":124,"column":76}},"15":{"start":{"line":127,"column":4},"end":{"line":129,"column":5}},"16":{"start":{"line":128,"column":6},"end":{"line":128,"column":74}},"17":{"start":{"line":131,"column":27},"end":{"line":144,"column":6}},"18":{"start":{"line":146,"column":4},"end":{"line":155,"column":6}},"19":{"start":{"line":164,"column":20},"end":{"line":166,"column":6}},"20":{"start":{"line":168,"column":4},"end":{"line":170,"column":5}},"21":{"start":{"line":169,"column":6},"end":{"line":169,"column":76}},"22":{"start":{"line":172,"column":4},"end":{"line":174,"column":5}},"23":{"start":{"line":173,"column":6},"end":{"line":173,"column":76}},"24":{"start":{"line":176,"column":4},"end":{"line":178,"column":7}},"25":{"start":{"line":187,"column":4},"end":{"line":189,"column":7}},"26":{"start":{"line":16,"column":13},"end":{"line":16,"column":28}},"27":{"start":{"line":16,"column":13},"end":{"line":191,"column":null}}},"fnMap":{"0":{"name":"(anonymous_2)","decl":{"start":{"line":17,"column":2},"end":{"line":17,"column":22}},"loc":{"start":{"line":17,"column":43},"end":{"line":17,"column":47}}},"1":{"name":"(anonymous_3)","decl":{"start":{"line":26,"column":2},"end":{"line":26,"column":7}},"loc":{"start":{"line":29,"column":38},"end":{"line":66,"column":3}}},"2":{"name":"(anonymous_4)","decl":{"start":{"line":73,"column":2},"end":{"line":73,"column":7}},"loc":{"start":{"line":73,"column":38},"end":{"line":97,"column":3}}},"3":{"name":"(anonymous_5)","decl":{"start":{"line":87,"column":24},"end":{"line":87,"column":25}},"loc":{"start":{"line":87,"column":38},"end":{"line":96,"column":6}}},"4":{"name":"(anonymous_6)","decl":{"start":{"line":106,"column":2},"end":{"line":106,"column":7}},"loc":{"start":{"line":109,"column":38},"end":{"line":156,"column":3}}},"5":{"name":"(anonymous_7)","decl":{"start":{"line":163,"column":2},"end":{"line":163,"column":7}},"loc":{"start":{"line":163,"column":55},"end":{"line":179,"column":3}}},"6":{"name":"(anonymous_8)","decl":{"start":{"line":186,"column":2},"end":{"line":186,"column":7}},"loc":{"start":{"line":186,"column":39},"end":{"line":190,"column":3}}}},"branchMap":{"0":{"loc":{"start":{"line":36,"column":4},"end":{"line":38,"column":5}},"type":"if","locations":[{"start":{"line":36,"column":4},"end":{"line":38,"column":5}}]},"1":{"loc":{"start":{"line":123,"column":4},"end":{"line":125,"column":5}},"type":"if","locations":[{"start":{"line":123,"column":4},"end":{"line":125,"column":5}}]},"2":{"loc":{"start":{"line":127,"column":4},"end":{"line":129,"column":5}},"type":"if","locations":[{"start":{"line":127,"column":4},"end":{"line":129,"column":5}}]},"3":{"loc":{"start":{"line":168,"column":4},"end":{"line":170,"column":5}},"type":"if","locations":[{"start":{"line":168,"column":4},"end":{"line":170,"column":5}}]},"4":{"loc":{"start":{"line":172,"column":4},"end":{"line":174,"column":5}},"type":"if","locations":[{"start":{"line":172,"column":4},"end":{"line":174,"column":5}}]}},"s":{"0":1,"1":1,"2":1,"3":10,"4":3,"5":3,"6":2,"7":1,"8":1,"9":1,"10":1,"11":1,"12":4,"13":4,"14":1,"15":3,"16":2,"17":1,"18":1,"19":4,"20":4,"21":1,"22":3,"23":2,"24":1,"25":1,"26":1,"27":1},"f":{"0":10,"1":3,"2":1,"3":1,"4":4,"5":4,"6":1},"b":{"0":[2],"1":[1],"2":[2],"3":[1],"4":[2]}}
,"/Users/beredarius/Desktop/IT/fun/swapbuds/swapbuds-backend/src/config/configuration.ts": {"path":"/Users/beredarius/Desktop/IT/fun/swapbuds/swapbuds-backend/src/config/configuration.ts","statementMap":{"0":{"start":{"line":9,"column":0},"end":{"line":48,"column":3}},"1":{"start":{"line":9,"column":22},"end":{"line":48,"column":2}}},"fnMap":{"0":{"name":"(anonymous_0)","decl":{"start":{"line":9,"column":15},"end":{"line":9,"column":18}},"loc":{"start":{"line":9,"column":22},"end":{"line":48,"column":2}}}},"branchMap":{"0":{"loc":{"start":{"line":11,"column":8},"end":{"line":11,"column":46}},"type":"binary-expr","locations":[{"start":{"line":11,"column":8},"end":{"line":11,"column":38}},{"start":{"line":11,"column":42},"end":{"line":11,"column":46}}]},"1":{"loc":{"start":{"line":12,"column":11},"end":{"line":12,"column":48}},"type":"binary-expr","locations":[{"start":{"line":12,"column":11},"end":{"line":12,"column":31}},{"start":{"line":12,"column":35},"end":{"line":12,"column":48}}]},"2":{"loc":{"start":{"line":22,"column":15},"end":{"line":22,"column":50}},"type":"binary-expr","locations":[{"start":{"line":22,"column":15},"end":{"line":22,"column":41}},{"start":{"line":22,"column":45},"end":{"line":22,"column":50}}]},"3":{"loc":{"start":{"line":34,"column":9},"end":{"line":34,"column":58}},"type":"binary-expr","locations":[{"start":{"line":34,"column":9},"end":{"line":34,"column":30}},{"start":{"line":34,"column":34},"end":{"line":34,"column":58}}]},"4":{"loc":{"start":{"line":39,"column":12},"end":{"line":39,"column":63}},"type":"binary-expr","locations":[{"start":{"line":39,"column":12},"end":{"line":39,"column":36}},{"start":{"line":39,"column":40},"end":{"line":39,"column":63}}]}},"s":{"0":0,"1":0},"f":{"0":0},"b":{"0":[0,0],"1":[0,0],"2":[0,0],"3":[0,0],"4":[0,0]}}
,"/Users/beredarius/Desktop/IT/fun/swapbuds/swapbuds-backend/src/items/items.controller.ts": {"path":"/Users/beredarius/Desktop/IT/fun/swapbuds/swapbuds-backend/src/items/items.controller.ts","statementMap":{"0":{"start":{"line":1,"column":0},"end":{"line":1,"column":72}},"1":{"start":{"line":2,"column":0},"end":{"line":2,"column":60}},"2":{"start":{"line":3,"column":0},"end":{"line":3,"column":null}},"3":{"start":{"line":16,"column":0},"end":{"line":16,"column":null}},"4":{"start":{"line":23,"column":0},"end":{"line":23,"column":54}},"5":{"start":{"line":24,"column":0},"end":{"line":24,"column":58}},"6":{"start":{"line":25,"column":0},"end":{"line":25,"column":54}},"7":{"start":{"line":26,"column":0},"end":{"line":26,"column":47}},"8":{"start":{"line":35,"column":7},"end":{"line":168,"column":null}},"9":{"start":{"line":36,"column":31},"end":{"line":36,"column":45}},"10":{"start":{"line":55,"column":4},"end":{"line":55,"column":59}},"11":{"start":{"line":86,"column":4},"end":{"line":89,"column":6}},"12":{"start":{"line":107,"column":4},"end":{"line":107,"column":48}},"13":{"start":{"line":124,"column":4},"end":{"line":124,"column":41}},"14":{"start":{"line":147,"column":4},"end":{"line":147,"column":63}},"15":{"start":{"line":166,"column":4},"end":{"line":166,"column":48}},"16":{"start":{"line":35,"column":13},"end":{"line":35,"column":28}},"17":{"start":{"line":51,"column":8},"end":{"line":56,"column":null}},"18":{"start":{"line":82,"column":8},"end":{"line":90,"column":null}},"19":{"start":{"line":104,"column":8},"end":{"line":108,"column":null}},"20":{"start":{"line":123,"column":8},"end":{"line":125,"column":null}},"21":{"start":{"line":142,"column":8},"end":{"line":148,"column":null}},"22":{"start":{"line":162,"column":8},"end":{"line":167,"column":null}},"23":{"start":{"line":35,"column":13},"end":{"line":168,"column":null}}},"fnMap":{"0":{"name":"(anonymous_4)","decl":{"start":{"line":36,"column":2},"end":{"line":36,"column":31}},"loc":{"start":{"line":36,"column":57},"end":{"line":36,"column":61}}},"1":{"name":"(anonymous_5)","decl":{"start":{"line":51,"column":2},"end":{"line":51,"column":7}},"loc":{"start":{"line":53,"column":40},"end":{"line":56,"column":3}}},"2":{"name":"(anonymous_6)","decl":{"start":{"line":82,"column":2},"end":{"line":82,"column":7}},"loc":{"start":{"line":84,"column":32},"end":{"line":90,"column":3}}},"3":{"name":"(anonymous_7)","decl":{"start":{"line":104,"column":2},"end":{"line":104,"column":7}},"loc":{"start":{"line":105,"column":35},"end":{"line":108,"column":3}}},"4":{"name":"(anonymous_8)","decl":{"start":{"line":123,"column":2},"end":{"line":123,"column":7}},"loc":{"start":{"line":123,"column":39},"end":{"line":125,"column":3}}},"5":{"name":"(anonymous_9)","decl":{"start":{"line":142,"column":2},"end":{"line":142,"column":7}},"loc":{"start":{"line":145,"column":40},"end":{"line":148,"column":3}}},"6":{"name":"(anonymous_10)","decl":{"start":{"line":162,"column":2},"end":{"line":162,"column":7}},"loc":{"start":{"line":164,"column":38},"end":{"line":167,"column":3}}}},"branchMap":{"0":{"loc":{"start":{"line":87,"column":6},"end":{"line":87,"column":35}},"type":"cond-expr","locations":[{"start":{"line":87,"column":13},"end":{"line":87,"column":31}},{"start":{"line":87,"column":34},"end":{"line":87,"column":35}}]},"1":{"loc":{"start":{"line":88,"column":6},"end":{"line":88,"column":36}},"type":"cond-expr","locations":[{"start":{"line":88,"column":13},"end":{"line":88,"column":31}},{"start":{"line":88,"column":34},"end":{"line":88,"column":36}}]}},"s":{"0":0,"1":0,"2":0,"3":0,"4":0,"5":0,"6":0,"7":0,"8":0,"9":0,"10":0,"11":0,"12":0,"13":0,"14":0,"15":0,"16":0,"17":0,"18":0,"19":0,"20":0,"21":0,"22":0,"23":0},"f":{"0":0,"1":0,"2":0,"3":0,"4":0,"5":0,"6":0},"b":{"0":[0,0],"1":[0,0]}}
,"/Users/beredarius/Desktop/IT/fun/swapbuds/swapbuds-backend/src/items/items.service.ts": {"path":"/Users/beredarius/Desktop/IT/fun/swapbuds/swapbuds-backend/src/items/items.service.ts","statementMap":{"0":{"start":{"line":1,"column":0},"end":{"line":1,"column":56}},"1":{"start":{"line":2,"column":0},"end":{"line":2,"column":null}},"2":{"start":{"line":16,"column":7},"end":{"line":277,"column":null}},"3":{"start":{"line":17,"column":22},"end":{"line":17,"column":30}},"4":{"start":{"line":30,"column":36},"end":{"line":30,"column":49}},"5":{"start":{"line":32,"column":17},"end":{"line":65,"column":6}},"6":{"start":{"line":40,"column":52},"end":{"line":44,"column":18}},"7":{"start":{"line":67,"column":4},"end":{"line":67,"column":36}},"8":{"start":{"line":77,"column":18},"end":{"line":97,"column":6}},"9":{"start":{"line":99,"column":4},"end":{"line":99,"column":57}},"10":{"start":{"line":99,"column":31},"end":{"line":99,"column":55}},"11":{"start":{"line":108,"column":18},"end":{"line":127,"column":6}},"12":{"start":{"line":129,"column":4},"end":{"line":129,"column":57}},"13":{"start":{"line":129,"column":31},"end":{"line":129,"column":55}},"14":{"start":{"line":139,"column":17},"end":{"line":157,"column":6}},"15":{"start":{"line":159,"column":4},"end":{"line":161,"column":5}},"16":{"start":{"line":160,"column":6},"end":{"line":160,"column":66}},"17":{"start":{"line":163,"column":4},"end":{"line":163,"column":36}},"18":{"start":{"line":180,"column":17},"end":{"line":180,"column":69}},"19":{"start":{"line":182,"column":4},"end":{"line":184,"column":5}},"20":{"start":{"line":183,"column":6},"end":{"line":183,"column":66}},"21":{"start":{"line":186,"column":4},"end":{"line":188,"column":5}},"22":{"start":{"line":187,"column":6},"end":{"line":187,"column":73}},"23":{"start":{"line":191,"column":36},"end":{"line":191,"column":49}},"24":{"start":{"line":193,"column":24},"end":{"line":227,"column":6}},"25":{"start":{"line":202,"column":52},"end":{"line":206,"column":18}},"26":{"start":{"line":229,"column":4},"end":{"line":229,"column":43}},"27":{"start":{"line":240,"column":17},"end":{"line":240,"column":69}},"28":{"start":{"line":242,"column":4},"end":{"line":244,"column":5}},"29":{"start":{"line":243,"column":6},"end":{"line":243,"column":66}},"30":{"start":{"line":246,"column":4},"end":{"line":248,"column":5}},"31":{"start":{"line":247,"column":6},"end":{"line":247,"column":73}},"32":{"start":{"line":250,"column":4},"end":{"line":250,"column":53}},"33":{"start":{"line":259,"column":4},"end":{"line":275,"column":6}},"34":{"start":{"line":265,"column":45},"end":{"line":265,"column":52}},"35":{"start":{"line":16,"column":13},"end":{"line":16,"column":25}},"36":{"start":{"line":16,"column":13},"end":{"line":277,"column":null}}},"fnMap":{"0":{"name":"(anonymous_2)","decl":{"start":{"line":17,"column":2},"end":{"line":17,"column":22}},"loc":{"start":{"line":17,"column":43},"end":{"line":17,"column":47}}},"1":{"name":"(anonymous_3)","decl":{"start":{"line":25,"column":2},"end":{"line":25,"column":7}},"loc":{"start":{"line":27,"column":32},"end":{"line":68,"column":3}}},"2":{"name":"(anonymous_4)","decl":{"start":{"line":40,"column":35},"end":{"line":40,"column":36}},"loc":{"start":{"line":40,"column":52},"end":{"line":44,"column":18}}},"3":{"name":"(anonymous_5)","decl":{"start":{"line":76,"column":2},"end":{"line":76,"column":7}},"loc":{"start":{"line":76,"column":35},"end":{"line":100,"column":3}}},"4":{"name":"(anonymous_6)","decl":{"start":{"line":99,"column":21},"end":{"line":99,"column":22}},"loc":{"start":{"line":99,"column":31},"end":{"line":99,"column":55}}},"5":{"name":"(anonymous_7)","decl":{"start":{"line":107,"column":2},"end":{"line":107,"column":7}},"loc":{"start":{"line":107,"column":33},"end":{"line":130,"column":3}}},"6":{"name":"(anonymous_8)","decl":{"start":{"line":129,"column":21},"end":{"line":129,"column":22}},"loc":{"start":{"line":129,"column":31},"end":{"line":129,"column":55}}},"7":{"name":"(anonymous_9)","decl":{"start":{"line":138,"column":2},"end":{"line":138,"column":7}},"loc":{"start":{"line":138,"column":26},"end":{"line":164,"column":3}}},"8":{"name":"(anonymous_10)","decl":{"start":{"line":175,"column":2},"end":{"line":175,"column":7}},"loc":{"start":{"line":178,"column":32},"end":{"line":230,"column":3}}},"9":{"name":"(anonymous_11)","decl":{"start":{"line":202,"column":35},"end":{"line":202,"column":36}},"loc":{"start":{"line":202,"column":52},"end":{"line":206,"column":18}}},"10":{"name":"(anonymous_12)","decl":{"start":{"line":239,"column":2},"end":{"line":239,"column":7}},"loc":{"start":{"line":239,"column":41},"end":{"line":251,"column":3}}},"11":{"name":"(anonymous_13)","decl":{"start":{"line":258,"column":10},"end":{"line":258,"column":23}},"loc":{"start":{"line":258,"column":33},"end":{"line":276,"column":3}}},"12":{"name":"(anonymous_14)","decl":{"start":{"line":265,"column":31},"end":{"line":265,"column":32}},"loc":{"start":{"line":265,"column":45},"end":{"line":265,"column":52}}}},"branchMap":{"0":{"loc":{"start":{"line":37,"column":12},"end":{"line":47,"column":14}},"type":"cond-expr","locations":[{"start":{"line":38,"column":12},"end":{"line":46,"column":null}},{"start":{"line":47,"column":12},"end":{"line":47,"column":14}}]},"1":{"loc":{"start":{"line":37,"column":12},"end":{"line":37,"column":39}},"type":"binary-expr","locations":[{"start":{"line":37,"column":12},"end":{"line":37,"column":18}},{"start":{"line":37,"column":22},"end":{"line":37,"column":39}}]},"2":{"loc":{"start":{"line":76,"column":16},"end":{"line":76,"column":24}},"type":"default-arg","locations":[{"start":{"line":76,"column":23},"end":{"line":76,"column":24}}]},"3":{"loc":{"start":{"line":76,"column":26},"end":{"line":76,"column":35}},"type":"default-arg","locations":[{"start":{"line":76,"column":33},"end":{"line":76,"column":35}}]},"4":{"loc":{"start":{"line":159,"column":4},"end":{"line":161,"column":5}},"type":"if","locations":[{"start":{"line":159,"column":4},"end":{"line":161,"column":5}}]},"5":{"loc":{"start":{"line":182,"column":4},"end":{"line":184,"column":5}},"type":"if","locations":[{"start":{"line":182,"column":4},"end":{"line":184,"column":5}}]},"6":{"loc":{"start":{"line":186,"column":4},"end":{"line":188,"column":5}},"type":"if","locations":[{"start":{"line":186,"column":4},"end":{"line":188,"column":5}}]},"7":{"loc":{"start":{"line":198,"column":12},"end":{"line":209,"column":14}},"type":"cond-expr","locations":[{"start":{"line":199,"column":12},"end":{"line":208,"column":null}},{"start":{"line":209,"column":12},"end":{"line":209,"column":14}}]},"8":{"loc":{"start":{"line":242,"column":4},"end":{"line":244,"column":5}},"type":"if","locations":[{"start":{"line":242,"column":4},"end":{"line":244,"column":5}}]},"9":{"loc":{"start":{"line":246,"column":4},"end":{"line":248,"column":5}},"type":"if","locations":[{"start":{"line":246,"column":4},"end":{"line":248,"column":5}}]},"10":{"loc":{"start":{"line":265,"column":14},"end":{"line":265,"column":59}},"type":"binary-expr","locations":[{"start":{"line":265,"column":14},"end":{"line":265,"column":53}},{"start":{"line":265,"column":57},"end":{"line":265,"column":59}}]}},"s":{"0":1,"1":1,"2":1,"3":12,"4":2,"5":2,"6":1,"7":2,"8":1,"9":1,"10":1,"11":1,"12":1,"13":1,"14":3,"15":3,"16":2,"17":1,"18":4,"19":4,"20":1,"21":3,"22":2,"23":1,"24":1,"25":0,"26":1,"27":4,"28":4,"29":1,"30":3,"31":2,"32":1,"33":6,"34":6,"35":1,"36":1},"f":{"0":12,"1":2,"2":1,"3":1,"4":1,"5":1,"6":1,"7":3,"8":4,"9":0,"10":4,"11":6,"12":6},"b":{"0":[1,1],"1":[2,1],"2":[0],"3":[0],"4":[2],"5":[1],"6":[2],"7":[0,1],"8":[1],"9":[2],"10":[6,0]}}
,"/Users/beredarius/Desktop/IT/fun/swapbuds/swapbuds-backend/src/likes/likes.controller.ts": {"path":"/Users/beredarius/Desktop/IT/fun/swapbuds/swapbuds-backend/src/likes/likes.controller.ts","statementMap":{"0":{"start":{"line":1,"column":0},"end":{"line":1,"column":64}},"1":{"start":{"line":2,"column":0},"end":{"line":2,"column":60}},"2":{"start":{"line":3,"column":0},"end":{"line":3,"column":null}},"3":{"start":{"line":13,"column":0},"end":{"line":13,"column":79}},"4":{"start":{"line":14,"column":0},"end":{"line":14,"column":47}},"5":{"start":{"line":23,"column":7},"end":{"line":154,"column":null}},"6":{"start":{"line":24,"column":31},"end":{"line":24,"column":45}},"7":{"start":{"line":49,"column":4},"end":{"line":49,"column":53}},"8":{"start":{"line":50,"column":4},"end":{"line":50,"column":50}},"9":{"start":{"line":72,"column":4},"end":{"line":72,"column":55}},"10":{"start":{"line":93,"column":18},"end":{"line":93,"column":63}},"11":{"start":{"line":94,"column":4},"end":{"line":94,"column":21}},"12":{"start":{"line":118,"column":18},"end":{"line":118,"column":74}},"13":{"start":{"line":119,"column":4},"end":{"line":119,"column":21}},"14":{"start":{"line":152,"column":4},"end":{"line":152,"column":54}},"15":{"start":{"line":23,"column":13},"end":{"line":23,"column":28}},"16":{"start":{"line":45,"column":8},"end":{"line":51,"column":null}},"17":{"start":{"line":68,"column":8},"end":{"line":73,"column":null}},"18":{"start":{"line":92,"column":8},"end":{"line":95,"column":null}},"19":{"start":{"line":114,"column":8},"end":{"line":120,"column":null}},"20":{"start":{"line":151,"column":8},"end":{"line":153,"column":null}},"21":{"start":{"line":23,"column":13},"end":{"line":154,"column":null}}},"fnMap":{"0":{"name":"(anonymous_4)","decl":{"start":{"line":24,"column":2},"end":{"line":24,"column":31}},"loc":{"start":{"line":24,"column":57},"end":{"line":24,"column":61}}},"1":{"name":"(anonymous_5)","decl":{"start":{"line":45,"column":2},"end":{"line":45,"column":7}},"loc":{"start":{"line":47,"column":35},"end":{"line":51,"column":3}}},"2":{"name":"(anonymous_6)","decl":{"start":{"line":68,"column":2},"end":{"line":68,"column":7}},"loc":{"start":{"line":70,"column":35},"end":{"line":73,"column":3}}},"3":{"name":"(anonymous_7)","decl":{"start":{"line":92,"column":2},"end":{"line":92,"column":7}},"loc":{"start":{"line":92,"column":53},"end":{"line":95,"column":3}}},"4":{"name":"(anonymous_8)","decl":{"start":{"line":114,"column":2},"end":{"line":114,"column":7}},"loc":{"start":{"line":116,"column":35},"end":{"line":120,"column":3}}},"5":{"name":"(anonymous_9)","decl":{"start":{"line":151,"column":2},"end":{"line":151,"column":7}},"loc":{"start":{"line":151,"column":56},"end":{"line":153,"column":3}}}},"branchMap":{},"s":{"0":0,"1":0,"2":0,"3":0,"4":0,"5":0,"6":0,"7":0,"8":0,"9":0,"10":0,"11":0,"12":0,"13":0,"14":0,"15":0,"16":0,"17":0,"18":0,"19":0,"20":0,"21":0},"f":{"0":0,"1":0,"2":0,"3":0,"4":0,"5":0},"b":{}}
,"/Users/beredarius/Desktop/IT/fun/swapbuds/swapbuds-backend/src/likes/likes.service.ts": {"path":"/Users/beredarius/Desktop/IT/fun/swapbuds/swapbuds-backend/src/likes/likes.service.ts","statementMap":{"0":{"start":{"line":1,"column":0},"end":{"line":1,"column":56}},"1":{"start":{"line":2,"column":0},"end":{"line":2,"column":null}},"2":{"start":{"line":13,"column":7},"end":{"line":133,"column":null}},"3":{"start":{"line":14,"column":22},"end":{"line":14,"column":30}},"4":{"start":{"line":25,"column":17},"end":{"line":27,"column":6}},"5":{"start":{"line":29,"column":4},"end":{"line":31,"column":5}},"6":{"start":{"line":30,"column":6},"end":{"line":30,"column":70}},"7":{"start":{"line":34,"column":25},"end":{"line":41,"column":6}},"8":{"start":{"line":43,"column":4},"end":{"line":45,"column":5}},"9":{"start":{"line":44,"column":6},"end":{"line":44,"column":56}},"10":{"start":{"line":48,"column":4},"end":{"line":53,"column":7}},"11":{"start":{"line":63,"column":17},"end":{"line":70,"column":6}},"12":{"start":{"line":72,"column":4},"end":{"line":74,"column":5}},"13":{"start":{"line":73,"column":6},"end":{"line":73,"column":52}},"14":{"start":{"line":76,"column":4},"end":{"line":80,"column":7}},"15":{"start":{"line":89,"column":4},"end":{"line":91,"column":7}},"16":{"start":{"line":101,"column":17},"end":{"line":108,"column":6}},"17":{"start":{"line":110,"column":4},"end":{"line":110,"column":18}},"18":{"start":{"line":119,"column":4},"end":{"line":131,"column":7}},"19":{"start":{"line":13,"column":13},"end":{"line":13,"column":25}},"20":{"start":{"line":13,"column":13},"end":{"line":133,"column":null}}},"fnMap":{"0":{"name":"(anonymous_2)","decl":{"start":{"line":14,"column":2},"end":{"line":14,"column":22}},"loc":{"start":{"line":14,"column":43},"end":{"line":14,"column":47}}},"1":{"name":"(anonymous_3)","decl":{"start":{"line":23,"column":2},"end":{"line":23,"column":7}},"loc":{"start":{"line":23,"column":47},"end":{"line":54,"column":3}}},"2":{"name":"(anonymous_4)","decl":{"start":{"line":62,"column":2},"end":{"line":62,"column":7}},"loc":{"start":{"line":62,"column":49},"end":{"line":81,"column":3}}},"3":{"name":"(anonymous_5)","decl":{"start":{"line":88,"column":2},"end":{"line":88,"column":7}},"loc":{"start":{"line":88,"column":36},"end":{"line":92,"column":3}}},"4":{"name":"(anonymous_6)","decl":{"start":{"line":100,"column":2},"end":{"line":100,"column":7}},"loc":{"start":{"line":100,"column":55},"end":{"line":111,"column":3}}},"5":{"name":"(anonymous_7)","decl":{"start":{"line":118,"column":2},"end":{"line":118,"column":7}},"loc":{"start":{"line":118,"column":39},"end":{"line":132,"column":3}}}},"branchMap":{"0":{"loc":{"start":{"line":29,"column":4},"end":{"line":31,"column":5}},"type":"if","locations":[{"start":{"line":29,"column":4},"end":{"line":31,"column":5}}]},"1":{"loc":{"start":{"line":43,"column":4},"end":{"line":45,"column":5}},"type":"if","locations":[{"start":{"line":43,"column":4},"end":{"line":45,"column":5}}]},"2":{"loc":{"start":{"line":72,"column":4},"end":{"line":74,"column":5}},"type":"if","locations":[{"start":{"line":72,"column":4},"end":{"line":74,"column":5}}]}},"s":{"0":1,"1":1,"2":1,"3":9,"4":5,"5":5,"6":2,"7":3,"8":3,"9":2,"10":1,"11":3,"12":3,"13":2,"14":1,"15":1,"16":2,"17":2,"18":1,"19":1,"20":1},"f":{"0":9,"1":5,"2":3,"3":1,"4":2,"5":1},"b":{"0":[2],"1":[2],"2":[2]}}
,"/Users/beredarius/Desktop/IT/fun/swapbuds/swapbuds-backend/src/prisma/prisma.service.ts": {"path":"/Users/beredarius/Desktop/IT/fun/swapbuds/swapbuds-backend/src/prisma/prisma.service.ts","statementMap":{"0":{"start":{"line":1,"column":0},"end":{"line":1,"column":75}},"1":{"start":{"line":2,"column":0},"end":{"line":2,"column":46}},"2":{"start":{"line":17,"column":7},"end":{"line":70,"column":null}},"3":{"start":{"line":22,"column":4},"end":{"line":29,"column":7}},"4":{"start":{"line":37,"column":4},"end":{"line":37,"column":26}},"5":{"start":{"line":45,"column":4},"end":{"line":45,"column":29}},"6":{"start":{"line":58,"column":4},"end":{"line":60,"column":5}},"7":{"start":{"line":59,"column":6},"end":{"line":59,"column":61}},"8":{"start":{"line":63,"column":19},"end":{"line":64,"column":null}},"9":{"start":{"line":64,"column":15},"end":{"line":64,"column":76}},"10":{"start":{"line":68,"column":4},"end":{"line":68,"column":78}},"11":{"start":{"line":68,"column":48},"end":{"line":68,"column":75}},"12":{"start":{"line":17,"column":13},"end":{"line":17,"column":26}},"13":{"start":{"line":17,"column":13},"end":{"line":70,"column":null}}},"fnMap":{"0":{"name":"(anonymous_2)","decl":{"start":{"line":21,"column":2},"end":{"line":21,"column":null}},"loc":{"start":{"line":21,"column":2},"end":{"line":30,"column":3}}},"1":{"name":"(anonymous_3)","decl":{"start":{"line":36,"column":2},"end":{"line":36,"column":7}},"loc":{"start":{"line":36,"column":20},"end":{"line":38,"column":3}}},"2":{"name":"(anonymous_4)","decl":{"start":{"line":44,"column":2},"end":{"line":44,"column":7}},"loc":{"start":{"line":44,"column":23},"end":{"line":46,"column":3}}},"3":{"name":"(anonymous_5)","decl":{"start":{"line":57,"column":2},"end":{"line":57,"column":7}},"loc":{"start":{"line":57,"column":21},"end":{"line":69,"column":3}}},"4":{"name":"(anonymous_6)","decl":{"start":{"line":64,"column":6},"end":{"line":64,"column":7}},"loc":{"start":{"line":64,"column":15},"end":{"line":64,"column":76}}},"5":{"name":"(anonymous_7)","decl":{"start":{"line":68,"column":34},"end":{"line":68,"column":35}},"loc":{"start":{"line":68,"column":48},"end":{"line":68,"column":75}}}},"branchMap":{"0":{"loc":{"start":{"line":25,"column":8},"end":{"line":27,"column":21}},"type":"cond-expr","locations":[{"start":{"line":26,"column":12},"end":{"line":26,"column":46}},{"start":{"line":27,"column":12},"end":{"line":27,"column":21}}]},"1":{"loc":{"start":{"line":58,"column":4},"end":{"line":60,"column":5}},"type":"if","locations":[{"start":{"line":58,"column":4},"end":{"line":60,"column":5}}]},"2":{"loc":{"start":{"line":64,"column":15},"end":{"line":64,"column":76}},"type":"binary-expr","locations":[{"start":{"line":64,"column":15},"end":{"line":64,"column":29}},{"start":{"line":64,"column":33},"end":{"line":64,"column":51}},{"start":{"line":64,"column":55},"end":{"line":64,"column":76}}]}},"s":{"0":5,"1":5,"2":5,"3":0,"4":0,"5":0,"6":0,"7":0,"8":0,"9":0,"10":0,"11":0,"12":5,"13":5},"f":{"0":0,"1":0,"2":0,"3":0,"4":0,"5":0},"b":{"0":[0,0],"1":[0],"2":[0,0,0]}}
,"/Users/beredarius/Desktop/IT/fun/swapbuds/swapbuds-backend/src/test/fixtures/comment.fixture.ts": {"path":"/Users/beredarius/Desktop/IT/fun/swapbuds/swapbuds-backend/src/test/fixtures/comment.fixture.ts","statementMap":{"0":{"start":{"line":4,"column":13},"end":{"line":11,"column":2}},"1":{"start":{"line":13,"column":13},"end":{"line":19,"column":2}},"2":{"start":{"line":21,"column":13},"end":{"line":33,"column":2}}},"fnMap":{},"branchMap":{},"s":{"0":1,"1":1,"2":1},"f":{},"b":{}}
,"/Users/beredarius/Desktop/IT/fun/swapbuds/swapbuds-backend/src/test/fixtures/item.fixture.ts": {"path":"/Users/beredarius/Desktop/IT/fun/swapbuds/swapbuds-backend/src/test/fixtures/item.fixture.ts","statementMap":{"0":{"start":{"line":1,"column":0},"end":{"line":1,"column":59}},"1":{"start":{"line":6,"column":13},"end":{"line":17,"column":2}},"2":{"start":{"line":19,"column":13},"end":{"line":40,"column":2}},"3":{"start":{"line":42,"column":13},"end":{"line":50,"column":2}}},"fnMap":{},"branchMap":{},"s":{"0":3,"1":3,"2":3,"3":3},"f":{},"b":{}}
,"/Users/beredarius/Desktop/IT/fun/swapbuds/swapbuds-backend/src/test/fixtures/like.fixture.ts": {"path":"/Users/beredarius/Desktop/IT/fun/swapbuds/swapbuds-backend/src/test/fixtures/like.fixture.ts","statementMap":{"0":{"start":{"line":4,"column":13},"end":{"line":9,"column":2}},"1":{"start":{"line":11,"column":13},"end":{"line":18,"column":2}},"2":{"start":{"line":20,"column":13},"end":{"line":27,"column":2}}},"fnMap":{},"branchMap":{},"s":{"0":1,"1":1,"2":1},"f":{},"b":{}}
,"/Users/beredarius/Desktop/IT/fun/swapbuds/swapbuds-backend/src/test/fixtures/user.fixture.ts": {"path":"/Users/beredarius/Desktop/IT/fun/swapbuds/swapbuds-backend/src/test/fixtures/user.fixture.ts","statementMap":{"0":{"start":{"line":4,"column":13},"end":{"line":18,"column":2}},"1":{"start":{"line":20,"column":13},"end":{"line":26,"column":2}},"2":{"start":{"line":28,"column":13},"end":{"line":36,"column":2}}},"fnMap":{},"branchMap":{},"s":{"0":2,"1":2,"2":2},"f":{},"b":{}}
,"/Users/beredarius/Desktop/IT/fun/swapbuds/swapbuds-backend/src/test/mocks/config.mock.ts": {"path":"/Users/beredarius/Desktop/IT/fun/swapbuds/swapbuds-backend/src/test/mocks/config.mock.ts","statementMap":{"0":{"start":{"line":4,"column":13},"end":{"line":16,"column":2}},"1":{"start":{"line":6,"column":40},"end":{"line":13,"column":6}},"2":{"start":{"line":14,"column":4},"end":{"line":14,"column":23}},"3":{"start":{"line":21,"column":32},"end":{"line":34,"column":1}},"4":{"start":{"line":22,"column":2},"end":{"line":22,"column":36}},"5":{"start":{"line":23,"column":2},"end":{"line":33,"column":5}},"6":{"start":{"line":24,"column":40},"end":{"line":31,"column":6}},"7":{"start":{"line":32,"column":4},"end":{"line":32,"column":23}},"8":{"start":{"line":21,"column":13},"end":{"line":21,"column":32}}},"fnMap":{"0":{"name":"(anonymous_0)","decl":{"start":{"line":5,"column":15},"end":{"line":5,"column":16}},"loc":{"start":{"line":5,"column":31},"end":{"line":15,"column":3}}},"1":{"name":"(anonymous_1)","decl":{"start":{"line":21,"column":32},"end":{"line":21,"column":35}},"loc":{"start":{"line":21,"column":37},"end":{"line":34,"column":1}}},"2":{"name":"(anonymous_2)","decl":{"start":{"line":23,"column":43},"end":{"line":23,"column":44}},"loc":{"start":{"line":23,"column":59},"end":{"line":33,"column":3}}}},"branchMap":{},"s":{"0":2,"1":3,"2":3,"3":2,"4":0,"5":0,"6":0,"7":0,"8":2},"f":{"0":3,"1":0,"2":0},"b":{}}
,"/Users/beredarius/Desktop/IT/fun/swapbuds/swapbuds-backend/src/test/mocks/jwt.mock.ts": {"path":"/Users/beredarius/Desktop/IT/fun/swapbuds/swapbuds-backend/src/test/mocks/jwt.mock.ts","statementMap":{"0":{"start":{"line":4,"column":13},"end":{"line":8,"column":2}},"1":{"start":{"line":13,"column":29},"end":{"line":19,"column":1}},"2":{"start":{"line":14,"column":2},"end":{"line":18,"column":5}},"3":{"start":{"line":15,"column":4},"end":{"line":17,"column":5}},"4":{"start":{"line":16,"column":6},"end":{"line":16,"column":21}},"5":{"start":{"line":13,"column":13},"end":{"line":13,"column":29}}},"fnMap":{"0":{"name":"(anonymous_0)","decl":{"start":{"line":13,"column":29},"end":{"line":13,"column":32}},"loc":{"start":{"line":13,"column":34},"end":{"line":19,"column":1}}},"1":{"name":"(anonymous_1)","decl":{"start":{"line":14,"column":40},"end":{"line":14,"column":41}},"loc":{"start":{"line":14,"column":47},"end":{"line":18,"column":3}}}},"branchMap":{"0":{"loc":{"start":{"line":15,"column":4},"end":{"line":17,"column":5}},"type":"if","locations":[{"start":{"line":15,"column":4},"end":{"line":17,"column":5}}]}},"s":{"0":1,"1":1,"2":0,"3":0,"4":0,"5":1},"f":{"0":0,"1":0},"b":{"0":[0]}}
,"/Users/beredarius/Desktop/IT/fun/swapbuds/swapbuds-backend/src/test/mocks/prisma.mock.ts": {"path":"/Users/beredarius/Desktop/IT/fun/swapbuds/swapbuds-backend/src/test/mocks/prisma.mock.ts","statementMap":{"0":{"start":{"line":4,"column":13},"end":{"line":48,"column":2}},"1":{"start":{"line":53,"column":32},"end":{"line":63,"column":1}},"2":{"start":{"line":54,"column":2},"end":{"line":62,"column":5}},"3":{"start":{"line":55,"column":4},"end":{"line":61,"column":5}},"4":{"start":{"line":56,"column":6},"end":{"line":60,"column":9}},"5":{"start":{"line":57,"column":8},"end":{"line":59,"column":9}},"6":{"start":{"line":58,"column":10},"end":{"line":58,"column":25}},"7":{"start":{"line":53,"column":13},"end":{"line":53,"column":32}}},"fnMap":{"0":{"name":"(anonymous_0)","decl":{"start":{"line":53,"column":32},"end":{"line":53,"column":35}},"loc":{"start":{"line":53,"column":37},"end":{"line":63,"column":1}}},"1":{"name":"(anonymous_1)","decl":{"start":{"line":54,"column":43},"end":{"line":54,"column":44}},"loc":{"start":{"line":54,"column":53},"end":{"line":62,"column":3}}},"2":{"name":"(anonymous_2)","decl":{"start":{"line":56,"column":35},"end":{"line":56,"column":36}},"loc":{"start":{"line":56,"column":42},"end":{"line":60,"column":7}}}},"branchMap":{"0":{"loc":{"start":{"line":55,"column":4},"end":{"line":61,"column":5}},"type":"if","locations":[{"start":{"line":55,"column":4},"end":{"line":61,"column":5}}]},"1":{"loc":{"start":{"line":55,"column":8},"end":{"line":55,"column":51}},"type":"binary-expr","locations":[{"start":{"line":55,"column":8},"end":{"line":55,"column":33}},{"start":{"line":55,"column":37},"end":{"line":55,"column":51}}]},"2":{"loc":{"start":{"line":57,"column":8},"end":{"line":59,"column":9}},"type":"if","locations":[{"start":{"line":57,"column":8},"end":{"line":59,"column":9}}]}},"s":{"0":5,"1":5,"2":0,"3":0,"4":0,"5":0,"6":0,"7":5},"f":{"0":0,"1":0,"2":0},"b":{"0":[0],"1":[0,0],"2":[0]}}
,"/Users/beredarius/Desktop/IT/fun/swapbuds/swapbuds-backend/src/test/mocks/upload.mock.ts": {"path":"/Users/beredarius/Desktop/IT/fun/swapbuds/swapbuds-backend/src/test/mocks/upload.mock.ts","statementMap":{"0":{"start":{"line":4,"column":13},"end":{"line":10,"column":2}},"1":{"start":{"line":15,"column":32},"end":{"line":21,"column":1}},"2":{"start":{"line":16,"column":2},"end":{"line":20,"column":5}},"3":{"start":{"line":17,"column":4},"end":{"line":19,"column":5}},"4":{"start":{"line":18,"column":6},"end":{"line":18,"column":21}},"5":{"start":{"line":15,"column":13},"end":{"line":15,"column":32}}},"fnMap":{"0":{"name":"(anonymous_0)","decl":{"start":{"line":15,"column":32},"end":{"line":15,"column":35}},"loc":{"start":{"line":15,"column":37},"end":{"line":21,"column":1}}},"1":{"name":"(anonymous_1)","decl":{"start":{"line":16,"column":43},"end":{"line":16,"column":44}},"loc":{"start":{"line":16,"column":50},"end":{"line":20,"column":3}}}},"branchMap":{"0":{"loc":{"start":{"line":17,"column":4},"end":{"line":19,"column":5}},"type":"if","locations":[{"start":{"line":17,"column":4},"end":{"line":19,"column":5}}]}},"s":{"0":1,"1":1,"2":0,"3":0,"4":0,"5":1},"f":{"0":0,"1":0},"b":{"0":[0]}}
,"/Users/beredarius/Desktop/IT/fun/swapbuds/swapbuds-backend/src/upload/upload.controller.ts": {"path":"/Users/beredarius/Desktop/IT/fun/swapbuds/swapbuds-backend/src/upload/upload.controller.ts","statementMap":{"0":{"start":{"line":1,"column":0},"end":{"line":1,"column":60}},"1":{"start":{"line":2,"column":0},"end":{"line":2,"column":null}},"2":{"start":{"line":10,"column":0},"end":{"line":10,"column":60}},"3":{"start":{"line":11,"column":0},"end":{"line":11,"column":null}},"4":{"start":{"line":19,"column":0},"end":{"line":19,"column":49}},"5":{"start":{"line":29,"column":7},"end":{"line":121,"column":null}},"6":{"start":{"line":30,"column":31},"end":{"line":30,"column":46}},"7":{"start":{"line":79,"column":4},"end":{"line":81,"column":5}},"8":{"start":{"line":80,"column":6},"end":{"line":80,"column":57}},"9":{"start":{"line":84,"column":27},"end":{"line":89,"column":6}},"10":{"start":{"line":90,"column":25},"end":{"line":91,"column":null}},"11":{"start":{"line":91,"column":16},"end":{"line":91,"column":55}},"12":{"start":{"line":94,"column":4},"end":{"line":98,"column":5}},"13":{"start":{"line":95,"column":6},"end":{"line":97,"column":8}},"14":{"start":{"line":101,"column":20},"end":{"line":101,"column":35}},"15":{"start":{"line":102,"column":27},"end":{"line":102,"column":70}},"16":{"start":{"line":102,"column":50},"end":{"line":102,"column":69}},"17":{"start":{"line":104,"column":4},"end":{"line":108,"column":5}},"18":{"start":{"line":105,"column":6},"end":{"line":107,"column":8}},"19":{"start":{"line":110,"column":26},"end":{"line":110,"column":78}},"20":{"start":{"line":112,"column":4},"end":{"line":119,"column":6}},"21":{"start":{"line":113,"column":45},"end":{"line":118,"column":8}},"22":{"start":{"line":29,"column":13},"end":{"line":29,"column":29}},"23":{"start":{"line":78,"column":8},"end":{"line":120,"column":null}},"24":{"start":{"line":29,"column":13},"end":{"line":121,"column":null}}},"fnMap":{"0":{"name":"(anonymous_4)","decl":{"start":{"line":30,"column":2},"end":{"line":30,"column":31}},"loc":{"start":{"line":30,"column":59},"end":{"line":30,"column":63}}},"1":{"name":"(anonymous_5)","decl":{"start":{"line":78,"column":2},"end":{"line":78,"column":7}},"loc":{"start":{"line":78,"column":66},"end":{"line":120,"column":3}}},"2":{"name":"(anonymous_6)","decl":{"start":{"line":91,"column":6},"end":{"line":91,"column":7}},"loc":{"start":{"line":91,"column":16},"end":{"line":91,"column":55}}},"3":{"name":"(anonymous_7)","decl":{"start":{"line":102,"column":40},"end":{"line":102,"column":41}},"loc":{"start":{"line":102,"column":50},"end":{"line":102,"column":69}}},"4":{"name":"(anonymous_8)","decl":{"start":{"line":113,"column":32},"end":{"line":113,"column":33}},"loc":{"start":{"line":113,"column":45},"end":{"line":118,"column":8}}}},"branchMap":{"0":{"loc":{"start":{"line":79,"column":4},"end":{"line":81,"column":5}},"type":"if","locations":[{"start":{"line":79,"column":4},"end":{"line":81,"column":5}}]},"1":{"loc":{"start":{"line":79,"column":8},"end":{"line":79,"column":36}},"type":"binary-expr","locations":[{"start":{"line":79,"column":8},"end":{"line":79,"column":14}},{"start":{"line":79,"column":18},"end":{"line":79,"column":36}}]},"2":{"loc":{"start":{"line":94,"column":4},"end":{"line":98,"column":5}},"type":"if","locations":[{"start":{"line":94,"column":4},"end":{"line":98,"column":5}}]},"3":{"loc":{"start":{"line":104,"column":4},"end":{"line":108,"column":5}},"type":"if","locations":[{"start":{"line":104,"column":4},"end":{"line":108,"column":5}}]}},"s":{"0":0,"1":0,"2":0,"3":0,"4":0,"5":0,"6":0,"7":0,"8":0,"9":0,"10":0,"11":0,"12":0,"13":0,"14":0,"15":0,"16":0,"17":0,"18":0,"19":0,"20":0,"21":0,"22":0,"23":0,"24":0},"f":{"0":0,"1":0,"2":0,"3":0,"4":0},"b":{"0":[0],"1":[0,0],"2":[0],"3":[0]}}
,"/Users/beredarius/Desktop/IT/fun/swapbuds/swapbuds-backend/src/upload/upload.service.ts": {"path":"/Users/beredarius/Desktop/IT/fun/swapbuds/swapbuds-backend/src/upload/upload.service.ts","statementMap":{"0":{"start":{"line":1,"column":0},"end":{"line":1,"column":58}},"1":{"start":{"line":2,"column":0},"end":{"line":2,"column":47}},"2":{"start":{"line":3,"column":0},"end":{"line":3,"column":65}},"3":{"start":{"line":10,"column":7},"end":{"line":114,"column":null}},"4":{"start":{"line":11,"column":22},"end":{"line":11,"column":37}},"5":{"start":{"line":17,"column":4},"end":{"line":21,"column":7}},"6":{"start":{"line":37,"column":16},"end":{"line":37,"column":75}},"7":{"start":{"line":39,"column":6},"end":{"line":39,"column":73}},"8":{"start":{"line":40,"column":26},"end":{"line":40,"column":50}},"9":{"start":{"line":42,"column":4},"end":{"line":60,"column":7}},"10":{"start":{"line":43,"column":27},"end":{"line":56,"column":null}},"11":{"start":{"line":54,"column":10},"end":{"line":54,"column":42}},"12":{"start":{"line":54,"column":21},"end":{"line":54,"column":42}},"13":{"start":{"line":55,"column":10},"end":{"line":55,"column":26}},"14":{"start":{"line":59,"column":6},"end":{"line":59,"column":36}},"15":{"start":{"line":73,"column":27},"end":{"line":73,"column":78}},"16":{"start":{"line":73,"column":47},"end":{"line":73,"column":77}},"17":{"start":{"line":74,"column":4},"end":{"line":74,"column":39}},"18":{"start":{"line":83,"column":4},"end":{"line":83,"column":49}},"19":{"start":{"line":92,"column":27},"end":{"line":93,"column":null}},"20":{"start":{"line":93,"column":6},"end":{"line":93,"column":32}},"21":{"start":{"line":95,"column":4},"end":{"line":95,"column":39}},"22":{"start":{"line":106,"column":4},"end":{"line":112,"column":7}},"23":{"start":{"line":10,"column":13},"end":{"line":10,"column":26}},"24":{"start":{"line":10,"column":13},"end":{"line":114,"column":null}}},"fnMap":{"0":{"name":"(anonymous_2)","decl":{"start":{"line":11,"column":2},"end":{"line":11,"column":22}},"loc":{"start":{"line":11,"column":50},"end":{"line":11,"column":54}}},"1":{"name":"(anonymous_3)","decl":{"start":{"line":16,"column":2},"end":{"line":16,"column":14}},"loc":{"start":{"line":16,"column":14},"end":{"line":22,"column":3}}},"2":{"name":"(anonymous_4)","decl":{"start":{"line":30,"column":2},"end":{"line":30,"column":7}},"loc":{"start":{"line":32,"column":37},"end":{"line":61,"column":3}}},"3":{"name":"(anonymous_5)","decl":{"start":{"line":42,"column":23},"end":{"line":42,"column":24}},"loc":{"start":{"line":42,"column":43},"end":{"line":60,"column":5}}},"4":{"name":"(anonymous_6)","decl":{"start":{"line":53,"column":8},"end":{"line":53,"column":9}},"loc":{"start":{"line":53,"column":26},"end":{"line":56,"column":9}}},"5":{"name":"(anonymous_7)","decl":{"start":{"line":69,"column":2},"end":{"line":69,"column":7}},"loc":{"start":{"line":71,"column":37},"end":{"line":75,"column":3}}},"6":{"name":"(anonymous_8)","decl":{"start":{"line":73,"column":37},"end":{"line":73,"column":38}},"loc":{"start":{"line":73,"column":47},"end":{"line":73,"column":77}}},"7":{"name":"(anonymous_9)","decl":{"start":{"line":82,"column":2},"end":{"line":82,"column":7}},"loc":{"start":{"line":82,"column":36},"end":{"line":84,"column":3}}},"8":{"name":"(anonymous_10)","decl":{"start":{"line":91,"column":2},"end":{"line":91,"column":7}},"loc":{"start":{"line":91,"column":48},"end":{"line":96,"column":3}}},"9":{"name":"(anonymous_11)","decl":{"start":{"line":92,"column":41},"end":{"line":92,"column":42}},"loc":{"start":{"line":93,"column":6},"end":{"line":93,"column":32}}},"10":{"name":"(anonymous_12)","decl":{"start":{"line":105,"column":2},"end":{"line":105,"column":19}},"loc":{"start":{"line":105,"column":69},"end":{"line":113,"column":3}}}},"branchMap":{"0":{"loc":{"start":{"line":32,"column":4},"end":{"line":32,"column":37}},"type":"default-arg","locations":[{"start":{"line":32,"column":21},"end":{"line":32,"column":37}}]},"1":{"loc":{"start":{"line":37,"column":16},"end":{"line":37,"column":75}},"type":"binary-expr","locations":[{"start":{"line":37,"column":16},"end":{"line":37,"column":58}},{"start":{"line":37,"column":62},"end":{"line":37,"column":75}}]},"2":{"loc":{"start":{"line":39,"column":6},"end":{"line":39,"column":73}},"type":"cond-expr","locations":[{"start":{"line":39,"column":29},"end":{"line":39,"column":35}},{"start":{"line":39,"column":38},"end":{"line":39,"column":73}}]},"3":{"loc":{"start":{"line":39,"column":38},"end":{"line":39,"column":73}},"type":"cond-expr","locations":[{"start":{"line":39,"column":58},"end":{"line":39,"column":65}},{"start":{"line":39,"column":68},"end":{"line":39,"column":73}}]},"4":{"loc":{"start":{"line":54,"column":10},"end":{"line":54,"column":42}},"type":"if","locations":[{"start":{"line":54,"column":10},"end":{"line":54,"column":42}}]},"5":{"loc":{"start":{"line":71,"column":4},"end":{"line":71,"column":37}},"type":"default-arg","locations":[{"start":{"line":71,"column":21},"end":{"line":71,"column":37}}]}},"s":{"0":2,"1":2,"2":2,"3":2,"4":2,"5":1,"6":0,"7":0,"8":0,"9":0,"10":0,"11":0,"12":0,"13":0,"14":0,"15":0,"16":0,"17":0,"18":0,"19":0,"20":0,"21":0,"22":0,"23":2,"24":2},"f":{"0":2,"1":1,"2":0,"3":0,"4":0,"5":0,"6":0,"7":0,"8":0,"9":0,"10":0},"b":{"0":[0],"1":[0,0],"2":[0,0],"3":[0,0],"4":[0],"5":[0]}}
,"/Users/beredarius/Desktop/IT/fun/swapbuds/swapbuds-backend/src/users/users.controller.ts": {"path":"/Users/beredarius/Desktop/IT/fun/swapbuds/swapbuds-backend/src/users/users.controller.ts","statementMap":{"0":{"start":{"line":1,"column":0},"end":{"line":1,"column":72}},"1":{"start":{"line":2,"column":0},"end":{"line":2,"column":60}},"2":{"start":{"line":3,"column":0},"end":{"line":3,"column":null}},"3":{"start":{"line":15,"column":0},"end":{"line":15,"column":59}},"4":{"start":{"line":16,"column":0},"end":{"line":16,"column":null}},"5":{"start":{"line":24,"column":0},"end":{"line":24,"column":60}},"6":{"start":{"line":25,"column":0},"end":{"line":25,"column":56}},"7":{"start":{"line":26,"column":0},"end":{"line":26,"column":47}},"8":{"start":{"line":35,"column":7},"end":{"line":132,"column":null}},"9":{"start":{"line":36,"column":31},"end":{"line":36,"column":45}},"10":{"start":{"line":53,"column":4},"end":{"line":53,"column":48}},"11":{"start":{"line":76,"column":4},"end":{"line":76,"column":69}},"12":{"start":{"line":112,"column":4},"end":{"line":114,"column":5}},"13":{"start":{"line":113,"column":6},"end":{"line":113,"column":56}},"14":{"start":{"line":117,"column":27},"end":{"line":117,"column":68}},"15":{"start":{"line":118,"column":4},"end":{"line":122,"column":5}},"16":{"start":{"line":119,"column":6},"end":{"line":121,"column":8}},"17":{"start":{"line":125,"column":20},"end":{"line":125,"column":35}},"18":{"start":{"line":126,"column":4},"end":{"line":128,"column":5}},"19":{"start":{"line":127,"column":6},"end":{"line":127,"column":80}},"20":{"start":{"line":130,"column":4},"end":{"line":130,"column":56}},"21":{"start":{"line":35,"column":13},"end":{"line":35,"column":28}},"22":{"start":{"line":52,"column":8},"end":{"line":54,"column":null}},"23":{"start":{"line":72,"column":8},"end":{"line":77,"column":null}},"24":{"start":{"line":108,"column":8},"end":{"line":131,"column":null}},"25":{"start":{"line":35,"column":13},"end":{"line":132,"column":null}}},"fnMap":{"0":{"name":"(anonymous_4)","decl":{"start":{"line":36,"column":2},"end":{"line":36,"column":31}},"loc":{"start":{"line":36,"column":57},"end":{"line":36,"column":61}}},"1":{"name":"(anonymous_5)","decl":{"start":{"line":52,"column":2},"end":{"line":52,"column":7}},"loc":{"start":{"line":52,"column":46},"end":{"line":54,"column":3}}},"2":{"name":"(anonymous_6)","decl":{"start":{"line":72,"column":2},"end":{"line":72,"column":7}},"loc":{"start":{"line":74,"column":46},"end":{"line":77,"column":3}}},"3":{"name":"(anonymous_7)","decl":{"start":{"line":108,"column":2},"end":{"line":108,"column":7}},"loc":{"start":{"line":110,"column":45},"end":{"line":131,"column":3}}}},"branchMap":{"0":{"loc":{"start":{"line":112,"column":4},"end":{"line":114,"column":5}},"type":"if","locations":[{"start":{"line":112,"column":4},"end":{"line":114,"column":5}}]},"1":{"loc":{"start":{"line":118,"column":4},"end":{"line":122,"column":5}},"type":"if","locations":[{"start":{"line":118,"column":4},"end":{"line":122,"column":5}}]},"2":{"loc":{"start":{"line":126,"column":4},"end":{"line":128,"column":5}},"type":"if","locations":[{"start":{"line":126,"column":4},"end":{"line":128,"column":5}}]}},"s":{"0":0,"1":0,"2":0,"3":0,"4":0,"5":0,"6":0,"7":0,"8":0,"9":0,"10":0,"11":0,"12":0,"13":0,"14":0,"15":0,"16":0,"17":0,"18":0,"19":0,"20":0,"21":0,"22":0,"23":0,"24":0,"25":0},"f":{"0":0,"1":0,"2":0,"3":0},"b":{"0":[0],"1":[0],"2":[0]}}
,"/Users/beredarius/Desktop/IT/fun/swapbuds/swapbuds-backend/src/users/users.service.ts": {"path":"/Users/beredarius/Desktop/IT/fun/swapbuds/swapbuds-backend/src/users/users.service.ts","statementMap":{"0":{"start":{"line":1,"column":0},"end":{"line":1,"column":56}},"1":{"start":{"line":2,"column":0},"end":{"line":2,"column":56}},"2":{"start":{"line":3,"column":0},"end":{"line":3,"column":63}},"3":{"start":{"line":12,"column":7},"end":{"line":138,"column":null}},"4":{"start":{"line":14,"column":12},"end":{"line":14,"column":20}},"5":{"start":{"line":15,"column":12},"end":{"line":15,"column":27}},"6":{"start":{"line":25,"column":17},"end":{"line":37,"column":6}},"7":{"start":{"line":39,"column":4},"end":{"line":41,"column":5}},"8":{"start":{"line":40,"column":6},"end":{"line":40,"column":70}},"9":{"start":{"line":43,"column":4},"end":{"line":53,"column":6}},"10":{"start":{"line":67,"column":17},"end":{"line":69,"column":6}},"11":{"start":{"line":71,"column":4},"end":{"line":73,"column":5}},"12":{"start":{"line":72,"column":6},"end":{"line":72,"column":70}},"13":{"start":{"line":75,"column":4},"end":{"line":78,"column":7}},"14":{"start":{"line":80,"column":4},"end":{"line":80,"column":39}},"15":{"start":{"line":94,"column":17},"end":{"line":96,"column":6}},"16":{"start":{"line":98,"column":4},"end":{"line":100,"column":5}},"17":{"start":{"line":99,"column":6},"end":{"line":99,"column":70}},"18":{"start":{"line":103,"column":4},"end":{"line":108,"column":5}},"19":{"start":{"line":104,"column":23},"end":{"line":104,"column":59}},"20":{"start":{"line":105,"column":6},"end":{"line":107,"column":7}},"21":{"start":{"line":106,"column":8},"end":{"line":106,"column":55}},"22":{"start":{"line":111,"column":25},"end":{"line":113,"column":null}},"23":{"start":{"line":117,"column":4},"end":{"line":120,"column":7}},"24":{"start":{"line":122,"column":4},"end":{"line":122,"column":39}},"25":{"start":{"line":131,"column":4},"end":{"line":136,"column":5}},"26":{"start":{"line":132,"column":20},"end":{"line":132,"column":51}},"27":{"start":{"line":133,"column":6},"end":{"line":133,"column":37}},"28":{"start":{"line":135,"column":6},"end":{"line":135,"column":18}},"29":{"start":{"line":12,"column":13},"end":{"line":12,"column":25}},"30":{"start":{"line":12,"column":13},"end":{"line":138,"column":null}}},"fnMap":{"0":{"name":"(anonymous_2)","decl":{"start":{"line":13,"column":2},"end":{"line":13,"column":null}},"loc":{"start":{"line":15,"column":40},"end":{"line":16,"column":6}}},"1":{"name":"(anonymous_3)","decl":{"start":{"line":24,"column":2},"end":{"line":24,"column":7}},"loc":{"start":{"line":24,"column":37},"end":{"line":54,"column":3}}},"2":{"name":"(anonymous_4)","decl":{"start":{"line":63,"column":2},"end":{"line":63,"column":7}},"loc":{"start":{"line":65,"column":38},"end":{"line":81,"column":3}}},"3":{"name":"(anonymous_5)","decl":{"start":{"line":90,"column":2},"end":{"line":90,"column":7}},"loc":{"start":{"line":92,"column":29},"end":{"line":123,"column":3}}},"4":{"name":"(anonymous_6)","decl":{"start":{"line":130,"column":10},"end":{"line":130,"column":25}},"loc":{"start":{"line":130,"column":37},"end":{"line":137,"column":3}}}},"branchMap":{"0":{"loc":{"start":{"line":39,"column":4},"end":{"line":41,"column":5}},"type":"if","locations":[{"start":{"line":39,"column":4},"end":{"line":41,"column":5}}]},"1":{"loc":{"start":{"line":71,"column":4},"end":{"line":73,"column":5}},"type":"if","locations":[{"start":{"line":71,"column":4},"end":{"line":73,"column":5}}]},"2":{"loc":{"start":{"line":98,"column":4},"end":{"line":100,"column":5}},"type":"if","locations":[{"start":{"line":98,"column":4},"end":{"line":100,"column":5}}]},"3":{"loc":{"start":{"line":103,"column":4},"end":{"line":108,"column":5}},"type":"if","locations":[{"start":{"line":103,"column":4},"end":{"line":108,"column":5}}]},"4":{"loc":{"start":{"line":105,"column":6},"end":{"line":107,"column":7}},"type":"if","locations":[{"start":{"line":105,"column":6},"end":{"line":107,"column":7}}]},"5":{"loc":{"start":{"line":133,"column":13},"end":{"line":133,"column":36}},"type":"cond-expr","locations":[{"start":{"line":133,"column":21},"end":{"line":133,"column":29}},{"start":{"line":133,"column":32},"end":{"line":133,"column":36}}]}},"s":{"0":1,"1":1,"2":1,"3":1,"4":6,"5":6,"6":6,"7":6,"8":2,"9":4,"10":1,"11":1,"12":0,"13":1,"14":1,"15":3,"16":3,"17":1,"18":2,"19":1,"20":1,"21":1,"22":2,"23":2,"24":2,"25":1,"26":1,"27":1,"28":0,"29":1,"30":1},"f":{"0":6,"1":6,"2":1,"3":3,"4":1},"b":{"0":[2],"1":[0],"2":[1],"3":[1],"4":[1],"5":[1,0]}}
}
