TN:
SF:src/app.controller.ts
FN:6,(anonymous_2)
FN:9,(anonymous_3)
FNF:2
FNH:2
FNDA:1,(anonymous_2)
FNDA:1,(anonymous_3)
DA:1,1
DA:2,1
DA:5,1
DA:6,1
DA:9,1
DA:10,1
LF:6
LH:6
BRF:0
BRH:0
end_of_record
TN:
SF:src/app.service.ts
FN:5,(anonymous_1)
FNF:1
FNH:1
FNDA:1,(anonymous_1)
DA:1,1
DA:4,1
DA:6,1
LF:3
LH:3
BRF:0
BRH:0
end_of_record
TN:
SF:src/auth/auth.controller.ts
FN:37,(anonymous_4)
FN:57,(anonymous_5)
FN:79,(anonymous_6)
FN:98,(anonymous_7)
FNF:4
FNH:0
FNDA:0,(anonymous_4)
FNDA:0,(anonymous_5)
FNDA:0,(anonymous_6)
FNDA:0,(anonymous_7)
DA:1,0
DA:2,0
DA:3,0
DA:4,0
DA:13,0
DA:19,0
DA:36,0
DA:37,0
DA:57,0
DA:58,0
DA:79,0
DA:80,0
DA:98,0
DA:99,0
LF:14
LH:0
BRF:0
BRH:0
end_of_record
TN:
SF:src/auth/auth.service.ts
FN:19,(anonymous_2)
FN:25,(anonymous_3)
FN:71,(anonymous_4)
FN:116,(anonymous_5)
FN:135,(anonymous_6)
FNF:5
FNH:0
FNDA:0,(anonymous_2)
FNDA:0,(anonymous_3)
FNDA:0,(anonymous_4)
FNDA:0,(anonymous_5)
FNDA:0,(anonymous_6)
DA:3,0
DA:4,0
DA:10,0
DA:11,0
DA:12,0
DA:15,0
DA:16,0
DA:17,0
DA:20,0
DA:21,0
DA:22,0
DA:26,0
DA:29,0
DA:35,0
DA:36,0
DA:37,0
DA:39,0
DA:43,0
DA:46,0
DA:60,0
DA:63,0
DA:65,0
DA:72,0
DA:75,0
DA:79,0
DA:80,0
DA:84,0
DA:86,0
DA:87,0
DA:90,0
DA:91,0
DA:95,0
DA:100,0
DA:103,0
DA:105,0
DA:117,0
DA:128,0
DA:129,0
DA:132,0
DA:140,0
DA:146,0
LF:41
LH:0
BRDA:35,0,0,0
BRDA:36,1,0,0
BRDA:79,2,0,0
BRDA:86,3,0,0
BRDA:90,4,0,0
BRDA:128,5,0,0
BRDA:128,6,0,0
BRDA:128,6,1,0
BRF:8
BRH:0
end_of_record
TN:
SF:src/auth/decorators/auth.decorators.ts
FN:31,(anonymous_0)
FN:48,(anonymous_1)
FNF:2
FNH:1
FNDA:6,(anonymous_0)
FNDA:0,(anonymous_1)
DA:1,4
DA:14,4
DA:31,6
DA:47,4
DA:49,0
DA:50,0
LF:6
LH:4
BRF:0
BRH:0
end_of_record
TN:
SF:src/auth/guards/jwt-auth.guard.ts
FN:28,(anonymous_2)
FN:42,(anonymous_3)
FNF:2
FNH:1
FNDA:5,(anonymous_2)
FNDA:0,(anonymous_3)
DA:1,5
DA:2,5
DA:3,5
DA:27,5
DA:28,5
DA:29,5
DA:44,0
DA:50,0
DA:51,0
DA:55,0
LF:10
LH:6
BRDA:50,0,0,0
BRF:1
BRH:0
end_of_record
TN:
SF:src/auth/strategies/jwt.strategy.ts
FN:33,(anonymous_2)
FN:54,(anonymous_3)
FNF:2
FNH:0
FNDA:0,(anonymous_2)
FNDA:0,(anonymous_3)
DA:1,0
DA:2,0
DA:3,0
DA:4,0
DA:5,0
DA:32,0
DA:34,0
DA:35,0
DA:37,0
DA:56,0
DA:68,0
DA:69,0
DA:73,0
LF:13
LH:0
BRDA:68,0,0,0
BRDA:68,1,0,0
BRDA:68,1,1,0
BRF:3
BRH:0
end_of_record
TN:
SF:src/comments/comments.controller.ts
FN:35,(anonymous_4)
FN:54,(anonymous_5)
FN:75,(anonymous_6)
FN:102,(anonymous_7)
FN:133,(anonymous_8)
FN:158,(anonymous_9)
FNF:6
FNH:0
FNDA:0,(anonymous_4)
FNDA:0,(anonymous_5)
FNDA:0,(anonymous_6)
FNDA:0,(anonymous_7)
FNDA:0,(anonymous_8)
FNDA:0,(anonymous_9)
DA:1,1
DA:2,1
DA:3,1
DA:15,1
DA:22,1
DA:23,1
DA:24,1
DA:25,1
DA:34,1
DA:35,0
DA:54,1
DA:59,0
DA:75,1
DA:78,0
DA:102,1
DA:107,0
DA:133,1
DA:137,0
DA:158,1
DA:159,0
DA:160,0
LF:21
LH:14
BRF:0
BRH:0
end_of_record
TN:
SF:src/comments/comments.service.ts
FN:17,(anonymous_2)
FN:26,(anonymous_3)
FN:73,(anonymous_4)
FN:87,(anonymous_5)
FN:106,(anonymous_6)
FN:163,(anonymous_7)
FN:186,(anonymous_8)
FNF:7
FNH:7
FNDA:10,(anonymous_2)
FNDA:3,(anonymous_3)
FNDA:1,(anonymous_4)
FNDA:1,(anonymous_5)
FNDA:4,(anonymous_6)
FNDA:4,(anonymous_7)
FNDA:1,(anonymous_8)
DA:1,2
DA:2,2
DA:16,2
DA:17,10
DA:32,3
DA:36,3
DA:37,2
DA:40,1
DA:56,1
DA:74,1
DA:87,1
DA:111,4
DA:123,4
DA:124,1
DA:127,3
DA:128,2
DA:131,1
DA:146,1
DA:164,4
DA:168,4
DA:169,1
DA:172,3
DA:173,2
DA:176,1
DA:187,1
LF:25
LH:25
BRDA:36,0,0,2
BRDA:123,1,0,1
BRDA:127,2,0,2
BRDA:168,3,0,1
BRDA:172,4,0,2
BRF:5
BRH:5
end_of_record
TN:
SF:src/config/configuration.ts
FN:9,(anonymous_0)
FNF:1
FNH:0
FNDA:0,(anonymous_0)
DA:9,0
LF:1
LH:0
BRDA:11,0,0,0
BRDA:11,0,1,0
BRDA:12,1,0,0
BRDA:12,1,1,0
BRDA:22,2,0,0
BRDA:22,2,1,0
BRDA:34,3,0,0
BRDA:34,3,1,0
BRDA:39,4,0,0
BRDA:39,4,1,0
BRF:10
BRH:0
end_of_record
TN:
SF:src/items/items.controller.ts
FN:36,(anonymous_4)
FN:51,(anonymous_5)
FN:82,(anonymous_6)
FN:104,(anonymous_7)
FN:123,(anonymous_8)
FN:142,(anonymous_9)
FN:162,(anonymous_10)
FNF:7
FNH:0
FNDA:0,(anonymous_4)
FNDA:0,(anonymous_5)
FNDA:0,(anonymous_6)
FNDA:0,(anonymous_7)
FNDA:0,(anonymous_8)
FNDA:0,(anonymous_9)
FNDA:0,(anonymous_10)
DA:1,1
DA:2,1
DA:3,1
DA:16,1
DA:23,1
DA:24,1
DA:25,1
DA:26,1
DA:35,1
DA:36,0
DA:51,1
DA:55,0
DA:82,1
DA:86,0
DA:104,1
DA:107,0
DA:123,1
DA:124,0
DA:142,1
DA:147,0
DA:162,1
DA:166,0
LF:22
LH:15
BRDA:87,0,0,0
BRDA:87,0,1,0
BRDA:88,1,0,0
BRDA:88,1,1,0
BRF:4
BRH:0
end_of_record
TN:
SF:src/items/items.service.ts
FN:17,(anonymous_2)
FN:25,(anonymous_3)
FN:40,(anonymous_4)
FN:76,(anonymous_5)
FN:99,(anonymous_6)
FN:107,(anonymous_7)
FN:129,(anonymous_8)
FN:138,(anonymous_9)
FN:175,(anonymous_10)
FN:202,(anonymous_11)
FN:239,(anonymous_12)
FN:258,(anonymous_13)
FN:265,(anonymous_14)
FNF:13
FNH:0
FNDA:0,(anonymous_2)
FNDA:0,(anonymous_3)
FNDA:0,(anonymous_4)
FNDA:0,(anonymous_5)
FNDA:0,(anonymous_6)
FNDA:0,(anonymous_7)
FNDA:0,(anonymous_8)
FNDA:0,(anonymous_9)
FNDA:0,(anonymous_10)
FNDA:0,(anonymous_11)
FNDA:0,(anonymous_12)
FNDA:0,(anonymous_13)
FNDA:0,(anonymous_14)
DA:1,2
DA:2,2
DA:16,2
DA:17,0
DA:30,0
DA:32,0
DA:40,0
DA:67,0
DA:77,0
DA:99,0
DA:108,0
DA:129,0
DA:139,0
DA:159,0
DA:160,0
DA:163,0
DA:180,0
DA:182,0
DA:183,0
DA:186,0
DA:187,0
DA:191,0
DA:193,0
DA:202,0
DA:229,0
DA:240,0
DA:242,0
DA:243,0
DA:246,0
DA:247,0
DA:250,0
DA:259,0
DA:265,0
LF:33
LH:3
BRDA:37,0,0,0
BRDA:37,0,1,0
BRDA:37,1,0,0
BRDA:37,1,1,0
BRDA:76,2,0,0
BRDA:76,3,0,0
BRDA:159,4,0,0
BRDA:182,5,0,0
BRDA:186,6,0,0
BRDA:198,7,0,0
BRDA:198,7,1,0
BRDA:242,8,0,0
BRDA:246,9,0,0
BRDA:265,10,0,0
BRDA:265,10,1,0
BRF:15
BRH:0
end_of_record
TN:
SF:src/likes/likes.controller.ts
FN:24,(anonymous_4)
FN:45,(anonymous_5)
FN:68,(anonymous_6)
FN:92,(anonymous_7)
FN:114,(anonymous_8)
FN:151,(anonymous_9)
FNF:6
FNH:0
FNDA:0,(anonymous_4)
FNDA:0,(anonymous_5)
FNDA:0,(anonymous_6)
FNDA:0,(anonymous_7)
FNDA:0,(anonymous_8)
FNDA:0,(anonymous_9)
DA:1,1
DA:2,1
DA:3,1
DA:13,1
DA:14,1
DA:23,1
DA:24,0
DA:45,1
DA:49,0
DA:50,0
DA:68,1
DA:72,0
DA:92,1
DA:93,0
DA:94,0
DA:114,1
DA:118,0
DA:119,0
DA:151,1
DA:152,0
LF:20
LH:11
BRF:0
BRH:0
end_of_record
TN:
SF:src/likes/likes.service.ts
FN:14,(anonymous_2)
FN:23,(anonymous_3)
FN:62,(anonymous_4)
FN:88,(anonymous_5)
FN:100,(anonymous_6)
FN:118,(anonymous_7)
FNF:6
FNH:6
FNDA:9,(anonymous_2)
FNDA:5,(anonymous_3)
FNDA:3,(anonymous_4)
FNDA:1,(anonymous_5)
FNDA:2,(anonymous_6)
FNDA:1,(anonymous_7)
DA:1,2
DA:2,2
DA:13,2
DA:14,9
DA:25,5
DA:29,5
DA:30,2
DA:34,3
DA:43,3
DA:44,2
DA:48,1
DA:63,3
DA:72,3
DA:73,2
DA:76,1
DA:89,1
DA:101,2
DA:110,2
DA:119,1
LF:19
LH:19
BRDA:29,0,0,2
BRDA:43,1,0,2
BRDA:72,2,0,2
BRF:3
BRH:3
end_of_record
TN:
SF:src/prisma/prisma.service.ts
FN:21,(anonymous_2)
FN:36,(anonymous_3)
FN:44,(anonymous_4)
FN:57,(anonymous_5)
FN:64,(anonymous_6)
FN:68,(anonymous_7)
FNF:6
FNH:0
FNDA:0,(anonymous_2)
FNDA:0,(anonymous_3)
FNDA:0,(anonymous_4)
FNDA:0,(anonymous_5)
FNDA:0,(anonymous_6)
FNDA:0,(anonymous_7)
DA:1,8
DA:2,8
DA:17,8
DA:22,0
DA:37,0
DA:45,0
DA:58,0
DA:59,0
DA:63,0
DA:64,0
DA:68,0
LF:11
LH:3
BRDA:25,0,0,0
BRDA:25,0,1,0
BRDA:58,1,0,0
BRDA:64,2,0,0
BRDA:64,2,1,0
BRDA:64,2,2,0
BRF:6
BRH:0
end_of_record
TN:
SF:src/test/fixtures/comment.fixture.ts
FNF:0
FNH:0
DA:4,1
DA:13,1
DA:21,1
LF:3
LH:3
BRF:0
BRH:0
end_of_record
TN:
SF:src/test/fixtures/item.fixture.ts
FNF:0
FNH:0
DA:1,2
DA:6,2
DA:19,2
DA:42,2
LF:4
LH:4
BRF:0
BRH:0
end_of_record
TN:
SF:src/test/fixtures/like.fixture.ts
FNF:0
FNH:0
DA:4,1
DA:11,1
DA:20,1
LF:3
LH:3
BRF:0
BRH:0
end_of_record
TN:
SF:src/test/fixtures/user.fixture.ts
FNF:0
FNH:0
DA:4,0
DA:20,0
DA:28,0
LF:3
LH:0
BRF:0
BRH:0
end_of_record
TN:
SF:src/test/mocks/config.mock.ts
FN:5,(anonymous_0)
FN:21,(anonymous_1)
FN:23,(anonymous_2)
FNF:3
FNH:0
FNDA:0,(anonymous_0)
FNDA:0,(anonymous_1)
FNDA:0,(anonymous_2)
DA:4,0
DA:6,0
DA:14,0
DA:21,0
DA:22,0
DA:23,0
DA:24,0
DA:32,0
LF:8
LH:0
BRF:0
BRH:0
end_of_record
TN:
SF:src/test/mocks/jwt.mock.ts
FN:13,(anonymous_0)
FN:14,(anonymous_1)
FNF:2
FNH:0
FNDA:0,(anonymous_0)
FNDA:0,(anonymous_1)
DA:4,0
DA:13,0
DA:14,0
DA:15,0
DA:16,0
LF:5
LH:0
BRDA:15,0,0,0
BRF:1
BRH:0
end_of_record
TN:
SF:src/test/mocks/prisma.mock.ts
FN:52,(anonymous_0)
FN:53,(anonymous_1)
FN:55,(anonymous_2)
FNF:3
FNH:0
FNDA:0,(anonymous_0)
FNDA:0,(anonymous_1)
FNDA:0,(anonymous_2)
DA:4,2
DA:52,2
DA:53,0
DA:54,0
DA:55,0
DA:56,0
DA:57,0
LF:7
LH:2
BRDA:54,0,0,0
BRDA:54,1,0,0
BRDA:54,1,1,0
BRDA:56,2,0,0
BRF:4
BRH:0
end_of_record
TN:
SF:src/test/mocks/upload.mock.ts
FN:15,(anonymous_0)
FN:16,(anonymous_1)
FNF:2
FNH:0
FNDA:0,(anonymous_0)
FNDA:0,(anonymous_1)
DA:4,0
DA:15,0
DA:16,0
DA:17,0
DA:18,0
LF:5
LH:0
BRDA:17,0,0,0
BRF:1
BRH:0
end_of_record
TN:
SF:src/upload/upload.controller.ts
FN:30,(anonymous_4)
FN:78,(anonymous_5)
FN:91,(anonymous_6)
FN:102,(anonymous_7)
FN:113,(anonymous_8)
FNF:5
FNH:0
FNDA:0,(anonymous_4)
FNDA:0,(anonymous_5)
FNDA:0,(anonymous_6)
FNDA:0,(anonymous_7)
FNDA:0,(anonymous_8)
DA:1,1
DA:2,1
DA:10,1
DA:11,1
DA:19,1
DA:29,1
DA:30,0
DA:78,1
DA:79,0
DA:80,0
DA:84,0
DA:90,0
DA:91,0
DA:94,0
DA:95,0
DA:101,0
DA:102,0
DA:104,0
DA:105,0
DA:110,0
DA:112,0
DA:113,0
LF:22
LH:7
BRDA:79,0,0,0
BRDA:79,1,0,0
BRDA:79,1,1,0
BRDA:94,2,0,0
BRDA:104,3,0,0
BRF:5
BRH:0
end_of_record
TN:
SF:src/upload/upload.service.ts
FN:11,(anonymous_2)
FN:16,(anonymous_3)
FN:30,(anonymous_4)
FN:42,(anonymous_5)
FN:53,(anonymous_6)
FN:69,(anonymous_7)
FN:73,(anonymous_8)
FN:82,(anonymous_9)
FN:91,(anonymous_10)
FN:92,(anonymous_11)
FN:105,(anonymous_12)
FNF:11
FNH:0
FNDA:0,(anonymous_2)
FNDA:0,(anonymous_3)
FNDA:0,(anonymous_4)
FNDA:0,(anonymous_5)
FNDA:0,(anonymous_6)
FNDA:0,(anonymous_7)
FNDA:0,(anonymous_8)
FNDA:0,(anonymous_9)
FNDA:0,(anonymous_10)
FNDA:0,(anonymous_11)
FNDA:0,(anonymous_12)
DA:1,4
DA:2,4
DA:3,4
DA:10,4
DA:11,0
DA:17,0
DA:37,0
DA:39,0
DA:40,0
DA:42,0
DA:43,0
DA:54,0
DA:55,0
DA:59,0
DA:73,0
DA:74,0
DA:83,0
DA:92,0
DA:93,0
DA:95,0
DA:106,0
LF:21
LH:4
BRDA:32,0,0,0
BRDA:37,1,0,0
BRDA:37,1,1,0
BRDA:39,2,0,0
BRDA:39,2,1,0
BRDA:39,3,0,0
BRDA:39,3,1,0
BRDA:54,4,0,0
BRDA:71,5,0,0
BRF:9
BRH:0
end_of_record
TN:
SF:src/users/users.controller.ts
FN:36,(anonymous_4)
FN:52,(anonymous_5)
FN:72,(anonymous_6)
FN:108,(anonymous_7)
FNF:4
FNH:0
FNDA:0,(anonymous_4)
FNDA:0,(anonymous_5)
FNDA:0,(anonymous_6)
FNDA:0,(anonymous_7)
DA:1,1
DA:2,1
DA:3,1
DA:15,1
DA:16,1
DA:24,1
DA:25,1
DA:26,1
DA:35,1
DA:36,0
DA:52,1
DA:53,0
DA:72,1
DA:76,0
DA:108,1
DA:112,0
DA:113,0
DA:117,0
DA:118,0
DA:119,0
DA:125,0
DA:126,0
DA:127,0
DA:130,0
LF:24
LH:12
BRDA:112,0,0,0
BRDA:118,1,0,0
BRDA:126,2,0,0
BRF:3
BRH:0
end_of_record
TN:
SF:src/users/users.service.ts
FN:13,(anonymous_2)
FN:24,(anonymous_3)
FN:63,(anonymous_4)
FN:90,(anonymous_5)
FN:130,(anonymous_6)
FNF:5
FNH:0
FNDA:0,(anonymous_2)
FNDA:0,(anonymous_3)
FNDA:0,(anonymous_4)
FNDA:0,(anonymous_5)
FNDA:0,(anonymous_6)
DA:1,2
DA:2,2
DA:3,2
DA:12,2
DA:14,0
DA:15,0
DA:25,0
DA:39,0
DA:40,0
DA:43,0
DA:67,0
DA:71,0
DA:72,0
DA:75,0
DA:80,0
DA:94,0
DA:98,0
DA:99,0
DA:103,0
DA:104,0
DA:105,0
DA:106,0
DA:111,0
DA:117,0
DA:122,0
DA:131,0
DA:132,0
DA:133,0
DA:135,0
LF:29
LH:4
BRDA:39,0,0,0
BRDA:71,1,0,0
BRDA:98,2,0,0
BRDA:103,3,0,0
BRDA:105,4,0,0
BRDA:133,5,0,0
BRDA:133,5,1,0
BRF:7
BRH:0
end_of_record
